<?xml version="1.0" encoding="UTF-8"?>
<coverage generated="1566332423042" clover="3.2.0">
  <project timestamp="1566332423042" name="All files">
    <metrics statements="285" coveredstatements="266" conditionals="104" coveredconditionals="84" methods="62" coveredmethods="53" elements="451" coveredelements="403" complexity="0" loc="285" ncloc="285" packages="1" files="40" classes="40">
      <file name="Avatar.js" path="/Users/emily/github/components/src/Avatar.js">
        <metrics statements="4" coveredstatements="4" conditionals="2" coveredconditionals="2" methods="2" coveredmethods="2"/>
        <line num="9" count="22" type="stmt"/>
        <line num="14" count="11" type="stmt"/>
        <line num="26" count="5" type="stmt"/>
        <line num="32" count="5" type="stmt"/>
      </file>
      <file name="AvatarPair.js" path="/Users/emily/github/components/src/AvatarPair.js">
        <metrics statements="11" coveredstatements="8" conditionals="2" coveredconditionals="0" methods="3" coveredmethods="0"/>
        <line num="8" count="4" type="stmt"/>
        <line num="10" count="4" type="stmt"/>
        <line num="15" count="4" type="stmt"/>
        <line num="28" count="4" type="stmt"/>
        <line num="29" count="4" type="stmt"/>
        <line num="30" count="0" type="stmt"/>
        <line num="31" count="0" type="cond" truecount="0" falsecount="2"/>
        <line num="33" count="0" type="stmt"/>
        <line num="37" count="4" type="stmt"/>
        <line num="39" count="4" type="stmt"/>
        <line num="40" count="4" type="stmt"/>
      </file>
      <file name="BaseStyles.js" path="/Users/emily/github/components/src/BaseStyles.js">
        <metrics statements="7" coveredstatements="5" conditionals="0" coveredconditionals="0" methods="1" coveredmethods="0"/>
        <line num="7" count="4" type="stmt"/>
        <line num="12" count="4" type="stmt"/>
        <line num="13" count="0" type="stmt"/>
        <line num="14" count="0" type="stmt"/>
        <line num="21" count="4" type="stmt"/>
        <line num="25" count="4" type="stmt"/>
        <line num="32" count="4" type="stmt"/>
      </file>
      <file name="BorderBox.js" path="/Users/emily/github/components/src/BorderBox.js">
        <metrics statements="3" coveredstatements="3" conditionals="0" coveredconditionals="0" methods="0" coveredmethods="0"/>
        <line num="7" count="7" type="stmt"/>
        <line num="9" count="7" type="stmt"/>
        <line num="16" count="7" type="stmt"/>
      </file>
      <file name="Box.js" path="/Users/emily/github/components/src/Box.js">
        <metrics statements="3" coveredstatements="3" conditionals="0" coveredconditionals="0" methods="0" coveredmethods="0"/>
        <line num="8" count="11" type="stmt"/>
        <line num="14" count="11" type="stmt"/>
        <line num="16" count="11" type="stmt"/>
      </file>
      <file name="BranchName.js" path="/Users/emily/github/components/src/BranchName.js">
        <metrics statements="3" coveredstatements="3" conditionals="0" coveredconditionals="0" methods="0" coveredmethods="0"/>
        <line num="6" count="5" type="stmt"/>
        <line num="17" count="5" type="stmt"/>
        <line num="21" count="5" type="stmt"/>
      </file>
      <file name="Button.js" path="/Users/emily/github/components/src/Button.js">
        <metrics statements="5" coveredstatements="5" conditionals="11" coveredconditionals="10" methods="3" coveredmethods="3"/>
        <line num="10" count="52" type="stmt"/>
        <line num="16" count="26" type="stmt"/>
        <line num="20" count="52" type="cond" truecount="1" falsecount="1"/>
        <line num="26" count="5" type="stmt"/>
        <line num="30" count="5" type="stmt"/>
      </file>
      <file name="ButtonDanger.js" path="/Users/emily/github/components/src/ButtonDanger.js">
        <metrics statements="1" coveredstatements="1" conditionals="0" coveredconditionals="0" methods="0" coveredmethods="0"/>
        <line num="5" count="4" type="stmt"/>
      </file>
      <file name="ButtonGroup.js" path="/Users/emily/github/components/src/ButtonGroup.js">
        <metrics statements="3" coveredstatements="3" conditionals="0" coveredconditionals="0" methods="0" coveredmethods="0"/>
        <line num="4" count="4" type="stmt"/>
        <line num="38" count="4" type="stmt"/>
        <line num="41" count="4" type="stmt"/>
      </file>
      <file name="ButtonOutline.js" path="/Users/emily/github/components/src/ButtonOutline.js">
        <metrics statements="1" coveredstatements="1" conditionals="0" coveredconditionals="0" methods="0" coveredmethods="0"/>
        <line num="5" count="4" type="stmt"/>
      </file>
      <file name="ButtonPrimary.js" path="/Users/emily/github/components/src/ButtonPrimary.js">
        <metrics statements="1" coveredstatements="1" conditionals="0" coveredconditionals="0" methods="0" coveredmethods="0"/>
        <line num="5" count="4" type="stmt"/>
      </file>
      <file name="ButtonStyles.js" path="/Users/emily/github/components/src/ButtonStyles.js">
        <metrics statements="2" coveredstatements="2" conditionals="0" coveredconditionals="0" methods="1" coveredmethods="1"/>
        <line num="3" count="5" type="stmt"/>
        <line num="4" count="52" type="stmt"/>
      </file>
      <file name="Caret.js" path="/Users/emily/github/components/src/Caret.js">
        <metrics statements="29" coveredstatements="29" conditionals="6" coveredconditionals="6" methods="3" coveredmethods="3"/>
        <line num="6" count="5" type="stmt"/>
        <line num="13" count="5" type="stmt"/>
        <line num="21" count="35" type="stmt"/>
        <line num="22" count="35" type="stmt"/>
        <line num="26" count="35" type="stmt"/>
        <line num="27" count="35" type="stmt"/>
        <line num="28" count="35" type="stmt"/>
        <line num="34" count="5" type="stmt"/>
        <line num="35" count="5" type="stmt"/>
        <line num="36" count="5" type="stmt"/>
        <line num="37" count="5" type="stmt"/>
        <line num="40" count="35" type="stmt"/>
        <line num="41" count="35" type="stmt"/>
        <line num="42" count="35" type="stmt"/>
        <line num="43" count="35" type="stmt"/>
        <line num="45" count="35" type="stmt"/>
        <line num="46" count="35" type="stmt"/>
        <line num="47" count="35" type="stmt"/>
        <line num="49" count="35" type="stmt"/>
        <line num="60" count="35" type="stmt"/>
        <line num="61" count="35" type="stmt"/>
        <line num="62" count="35" type="stmt"/>
        <line num="67" count="35" type="stmt"/>
        <line num="68" count="35" type="stmt"/>
        <line num="70" count="35" type="stmt"/>
        <line num="77" count="35" type="stmt"/>
        <line num="87" count="5" type="stmt"/>
        <line num="102" count="5" type="stmt"/>
        <line num="111" count="5" type="stmt"/>
      </file>
      <file name="CircleBadge.js" path="/Users/emily/github/components/src/CircleBadge.js">
        <metrics statements="13" coveredstatements="13" conditionals="3" coveredconditionals="1" methods="2" coveredmethods="2"/>
        <line num="7" count="5" type="cond" truecount="0" falsecount="1"/>
        <line num="8" count="24" type="cond" truecount="1" falsecount="1"/>
        <line num="9" count="24" type="stmt"/>
        <line num="14" count="24" type="stmt"/>
        <line num="17" count="5" type="stmt"/>
        <line num="18" count="12" type="stmt"/>
        <line num="24" count="5" type="stmt"/>
        <line num="34" count="5" type="stmt"/>
        <line num="40" count="5" type="stmt"/>
        <line num="42" count="5" type="stmt"/>
        <line num="47" count="5" type="stmt"/>
        <line num="53" count="5" type="stmt"/>
        <line num="57" count="5" type="stmt"/>
      </file>
      <file name="CircleOcticon.js" path="/Users/emily/github/components/src/CircleOcticon.js">
        <metrics statements="5" coveredstatements="5" conditionals="0" coveredconditionals="0" methods="1" coveredmethods="1"/>
        <line num="9" count="10" type="stmt"/>
        <line num="10" count="10" type="stmt"/>
        <line num="11" count="10" type="stmt"/>
        <line num="20" count="5" type="stmt"/>
        <line num="26" count="5" type="stmt"/>
      </file>
      <file name="CounterLabel.js" path="/Users/emily/github/components/src/CounterLabel.js">
        <metrics statements="7" coveredstatements="7" conditionals="8" coveredconditionals="8" methods="2" coveredmethods="2"/>
        <line num="6" count="5" type="stmt"/>
        <line num="7" count="26" type="stmt"/>
        <line num="17" count="5" type="stmt"/>
        <line num="18" count="26" type="stmt"/>
        <line num="28" count="5" type="stmt"/>
        <line num="44" count="5" type="stmt"/>
        <line num="48" count="5" type="stmt"/>
      </file>
      <file name="Details.js" path="/Users/emily/github/components/src/Details.js">
        <metrics statements="17" coveredstatements="10" conditionals="11" coveredconditionals="5" methods="6" coveredmethods="4"/>
        <line num="7" count="6" type="stmt"/>
        <line num="16" count="10" type="cond" truecount="2" falsecount="0"/>
        <line num="20" count="10" type="stmt"/>
        <line num="23" count="2" type="cond" truecount="1" falsecount="1"/>
        <line num="24" count="2" type="cond" truecount="1" falsecount="1"/>
        <line num="25" count="0" type="stmt"/>
        <line num="27" count="2" type="stmt"/>
        <line num="32" count="0" type="cond" truecount="0" falsecount="2"/>
        <line num="33" count="0" type="stmt"/>
        <line num="34" count="0" type="stmt"/>
        <line num="39" count="0" type="cond" truecount="0" falsecount="2"/>
        <line num="40" count="0" type="stmt"/>
        <line num="41" count="0" type="stmt"/>
        <line num="43" count="10" type="stmt"/>
        <line num="50" count="6" type="stmt"/>
        <line num="52" count="6" type="stmt"/>
        <line num="57" count="6" type="stmt"/>
      </file>
      <file name="Dialog.js" path="/Users/emily/github/components/src/Dialog.js">
        <metrics statements="11" coveredstatements="10" conditionals="2" coveredconditionals="0" methods="1" coveredmethods="0"/>
        <line num="15" count="4" type="stmt"/>
        <line num="17" count="4" type="stmt"/>
        <line num="25" count="4" type="stmt"/>
        <line num="42" count="4" type="stmt"/>
        <line num="50" count="4" type="stmt"/>
        <line num="64" count="4" type="stmt"/>
        <line num="66" count="4" type="stmt"/>
        <line num="73" count="4" type="stmt"/>
        <line num="74" count="0" type="stmt"/>
        <line num="96" count="4" type="stmt"/>
        <line num="98" count="4" type="stmt"/>
      </file>
      <file name="Dropdown.js" path="/Users/emily/github/components/src/Dropdown.js">
        <metrics statements="16" coveredstatements="16" conditionals="2" coveredconditionals="1" methods="3" coveredmethods="3"/>
        <line num="10" count="5" type="stmt"/>
        <line num="11" count="5" type="stmt"/>
        <line num="14" count="5" type="stmt"/>
        <line num="25" count="5" type="stmt"/>
        <line num="31" count="5" type="stmt"/>
        <line num="41" count="5" type="stmt"/>
        <line num="82" count="10" type="cond" truecount="1" falsecount="1"/>
        <line num="86" count="5" type="stmt"/>
        <line num="109" count="5" type="stmt"/>
        <line num="110" count="5" type="stmt"/>
        <line num="112" count="5" type="stmt"/>
        <line num="117" count="5" type="stmt"/>
        <line num="122" count="5" type="stmt"/>
        <line num="123" count="5" type="stmt"/>
        <line num="127" count="5" type="stmt"/>
        <line num="128" count="5" type="stmt"/>
      </file>
      <file name="DropdownStyles.js" path="/Users/emily/github/components/src/DropdownStyles.js">
        <metrics statements="3" coveredstatements="3" conditionals="0" coveredconditionals="0" methods="1" coveredmethods="1"/>
        <line num="3" count="5" type="stmt"/>
        <line num="4" count="10" type="stmt"/>
        <line num="124" count="10" type="stmt"/>
      </file>
      <file name="FilterList.js" path="/Users/emily/github/components/src/FilterList.js">
        <metrics statements="16" coveredstatements="16" conditionals="10" coveredconditionals="8" methods="7" coveredmethods="7"/>
        <line num="9" count="7" type="stmt"/>
        <line num="21" count="6" type="stmt"/>
        <line num="24" count="18" type="cond" truecount="1" falsecount="1"/>
        <line num="25" count="18" type="cond" truecount="1" falsecount="1"/>
        <line num="28" count="18" type="cond" truecount="2" falsecount="0"/>
        <line num="29" count="18" type="cond" truecount="2" falsecount="0"/>
        <line num="50" count="6" type="stmt"/>
        <line num="51" count="5" type="stmt"/>
        <line num="52" count="2" type="stmt"/>
        <line num="55" count="5" type="stmt"/>
        <line num="58" count="6" type="stmt"/>
        <line num="63" count="6" type="stmt"/>
        <line num="69" count="6" type="stmt"/>
        <line num="75" count="6" type="stmt"/>
        <line num="77" count="6" type="stmt"/>
        <line num="81" count="6" type="stmt"/>
      </file>
      <file name="Flash.js" path="/Users/emily/github/components/src/Flash.js">
        <metrics statements="9" coveredstatements="9" conditionals="10" coveredconditionals="8" methods="5" coveredmethods="5"/>
        <line num="6" count="5" type="stmt"/>
        <line num="13" count="5" type="stmt"/>
        <line num="16" count="30" type="cond" truecount="1" falsecount="1"/>
        <line num="17" count="30" type="cond" truecount="1" falsecount="1"/>
        <line num="20" count="30" type="cond" truecount="2" falsecount="0"/>
        <line num="21" count="30" type="cond" truecount="2" falsecount="0"/>
        <line num="22" count="30" type="cond" truecount="2" falsecount="0"/>
        <line num="30" count="5" type="stmt"/>
        <line num="35" count="5" type="stmt"/>
      </file>
      <file name="Flex.js" path="/Users/emily/github/components/src/Flex.js">
        <metrics statements="6" coveredstatements="6" conditionals="0" coveredconditionals="0" methods="0" coveredmethods="0"/>
        <line num="7" count="7" type="stmt"/>
        <line num="12" count="7" type="stmt"/>
        <line num="16" count="7" type="stmt"/>
        <line num="20" count="7" type="stmt"/>
        <line num="23" count="7" type="stmt"/>
        <line num="28" count="7" type="stmt"/>
      </file>
      <file name="Grid.js" path="/Users/emily/github/components/src/Grid.js">
        <metrics statements="3" coveredstatements="3" conditionals="0" coveredconditionals="0" methods="0" coveredmethods="0"/>
        <line num="6" count="5" type="stmt"/>
        <line num="10" count="5" type="stmt"/>
        <line num="15" count="5" type="stmt"/>
      </file>
      <file name="Heading.js" path="/Users/emily/github/components/src/Heading.js">
        <metrics statements="3" coveredstatements="3" conditionals="0" coveredconditionals="0" methods="0" coveredmethods="0"/>
        <line num="6" count="4" type="stmt"/>
        <line num="13" count="4" type="stmt"/>
        <line num="17" count="4" type="stmt"/>
      </file>
      <file name="Label.js" path="/Users/emily/github/components/src/Label.js">
        <metrics statements="8" coveredstatements="8" conditionals="4" coveredconditionals="3" methods="3" coveredmethods="3"/>
        <line num="6" count="5" type="stmt"/>
        <line num="13" count="5" type="stmt"/>
        <line num="23" count="5" type="stmt"/>
        <line num="32" count="14" type="cond" truecount="1" falsecount="1"/>
        <line num="33" count="14" type="stmt"/>
        <line num="34" count="14" type="cond" truecount="2" falsecount="0"/>
        <line num="37" count="5" type="stmt"/>
        <line num="43" count="5" type="stmt"/>
      </file>
      <file name="Link.js" path="/Users/emily/github/components/src/Link.js">
        <metrics statements="7" coveredstatements="7" conditionals="4" coveredconditionals="3" methods="2" coveredmethods="2"/>
        <line num="8" count="5" type="stmt"/>
        <line num="20" count="5" type="stmt"/>
        <line num="27" count="5" type="stmt"/>
        <line num="28" count="34" type="cond" truecount="1" falsecount="1"/>
        <line num="33" count="34" type="cond" truecount="2" falsecount="0"/>
        <line num="37" count="5" type="stmt"/>
        <line num="42" count="5" type="stmt"/>
      </file>
      <file name="PointerBox.js" path="/Users/emily/github/components/src/PointerBox.js">
        <metrics statements="6" coveredstatements="6" conditionals="0" coveredconditionals="0" methods="1" coveredmethods="1"/>
        <line num="10" count="9" type="stmt"/>
        <line num="11" count="9" type="stmt"/>
        <line num="12" count="9" type="stmt"/>
        <line num="13" count="9" type="stmt"/>
        <line num="23" count="4" type="stmt"/>
        <line num="27" count="4" type="stmt"/>
      </file>
      <file name="Position.js" path="/Users/emily/github/components/src/Position.js">
        <metrics statements="13" coveredstatements="13" conditionals="0" coveredconditionals="0" methods="2" coveredmethods="2"/>
        <line num="7" count="5" type="stmt"/>
        <line num="13" count="5" type="stmt"/>
        <line num="17" count="5" type="stmt"/>
        <line num="25" count="44" type="stmt"/>
        <line num="26" count="20" type="stmt"/>
        <line num="27" count="20" type="stmt"/>
        <line num="28" count="20" type="stmt"/>
        <line num="29" count="20" type="stmt"/>
        <line num="32" count="5" type="stmt"/>
        <line num="33" count="5" type="stmt"/>
        <line num="34" count="5" type="stmt"/>
        <line num="35" count="5" type="stmt"/>
        <line num="36" count="5" type="stmt"/>
      </file>
      <file name="PrimerComponentsAnimation.js" path="/Users/emily/github/components/src/PrimerComponentsAnimation.js">
        <metrics statements="6" coveredstatements="0" conditionals="0" coveredconditionals="0" methods="2" coveredmethods="0"/>
        <line num="1" count="0" type="stmt"/>
        <line num="2" count="0" type="stmt"/>
        <line num="3" count="0" type="stmt"/>
        <line num="5" count="0" type="stmt"/>
        <line num="9" count="0" type="stmt"/>
        <line num="16" count="0" type="stmt"/>
      </file>
      <file name="StateLabel.js" path="/Users/emily/github/components/src/StateLabel.js">
        <metrics statements="10" coveredstatements="10" conditionals="11" coveredconditionals="11" methods="4" coveredmethods="4"/>
        <line num="9" count="5" type="stmt"/>
        <line num="18" count="5" type="stmt"/>
        <line num="27" count="19" type="cond" truecount="2" falsecount="0"/>
        <line num="28" count="19" type="stmt"/>
        <line num="36" count="5" type="stmt"/>
        <line num="39" count="42" type="cond" truecount="2" falsecount="0"/>
        <line num="43" count="42" type="cond" truecount="2" falsecount="0"/>
        <line num="45" count="42" type="cond" truecount="2" falsecount="0"/>
        <line num="50" count="5" type="stmt"/>
        <line num="54" count="5" type="stmt"/>
      </file>
      <file name="StyledOcticon.js" path="/Users/emily/github/components/src/StyledOcticon.js">
        <metrics statements="3" coveredstatements="3" conditionals="0" coveredconditionals="0" methods="0" coveredmethods="0"/>
        <line num="7" count="6" type="stmt"/>
        <line num="9" count="6" type="stmt"/>
        <line num="13" count="6" type="stmt"/>
      </file>
      <file name="Text.js" path="/Users/emily/github/components/src/Text.js">
        <metrics statements="3" coveredstatements="3" conditionals="0" coveredconditionals="0" methods="0" coveredmethods="0"/>
        <line num="6" count="5" type="stmt"/>
        <line num="11" count="5" type="stmt"/>
        <line num="15" count="5" type="stmt"/>
      </file>
      <file name="TextInput.js" path="/Users/emily/github/components/src/TextInput.js">
        <metrics statements="6" coveredstatements="6" conditionals="0" coveredconditionals="0" methods="1" coveredmethods="1"/>
        <line num="9" count="10" type="stmt"/>
        <line num="14" count="10" type="stmt"/>
        <line num="20" count="10" type="stmt"/>
        <line num="23" count="5" type="stmt"/>
        <line num="69" count="5" type="stmt"/>
        <line num="71" count="5" type="stmt"/>
      </file>
      <file name="Tooltip.js" path="/Users/emily/github/components/src/Tooltip.js">
        <metrics statements="7" coveredstatements="7" conditionals="6" coveredconditionals="6" methods="1" coveredmethods="1"/>
        <line num="9" count="31" type="stmt"/>
        <line num="16" count="31" type="stmt"/>
        <line num="23" count="5" type="stmt"/>
        <line num="250" count="5" type="stmt"/>
        <line num="252" count="5" type="stmt"/>
        <line num="254" count="5" type="stmt"/>
        <line num="259" count="5" type="stmt"/>
      </file>
      <file name="UnderlineNav.js" path="/Users/emily/github/components/src/UnderlineNav.js">
        <metrics statements="10" coveredstatements="10" conditionals="10" coveredconditionals="10" methods="2" coveredmethods="2"/>
        <line num="8" count="6" type="stmt"/>
        <line num="9" count="6" type="stmt"/>
        <line num="12" count="13" type="cond" truecount="4" falsecount="0"/>
        <line num="13" count="13" type="stmt"/>
        <line num="21" count="6" type="stmt"/>
        <line num="53" count="9" type="stmt"/>
        <line num="89" count="6" type="stmt"/>
        <line num="93" count="6" type="stmt"/>
        <line num="103" count="6" type="stmt"/>
        <line num="107" count="6" type="stmt"/>
      </file>
      <file name="constants.js" path="/Users/emily/github/components/src/constants.js">
        <metrics statements="19" coveredstatements="19" conditionals="0" coveredconditionals="0" methods="1" coveredmethods="1"/>
        <line num="7" count="30" type="stmt"/>
        <line num="9" count="1897" type="stmt"/>
        <line num="11" count="30" type="stmt"/>
        <line num="18" count="30" type="stmt"/>
        <line num="23" count="30" type="stmt"/>
        <line num="28" count="30" type="stmt"/>
        <line num="33" count="30" type="stmt"/>
        <line num="37" count="30" type="stmt"/>
        <line num="41" count="30" type="stmt"/>
        <line num="48" count="30" type="stmt"/>
        <line num="49" count="30" type="stmt"/>
        <line num="50" count="30" type="stmt"/>
        <line num="51" count="30" type="stmt"/>
        <line num="53" count="30" type="stmt"/>
        <line num="54" count="30" type="stmt"/>
        <line num="55" count="30" type="stmt"/>
        <line num="56" count="30" type="stmt"/>
        <line num="57" count="30" type="stmt"/>
        <line num="59" count="30" type="stmt"/>
      </file>
      <file name="css.js" path="/Users/emily/github/components/src/css.js">
        <metrics statements="2" coveredstatements="2" conditionals="0" coveredconditionals="0" methods="0" coveredmethods="0"/>
        <line num="3" count="1" type="stmt"/>
        <line num="7" count="1" type="stmt"/>
      </file>
      <file name="index.js" path="/Users/emily/github/components/src/index.js">
        <metrics statements="0" coveredstatements="0" conditionals="0" coveredconditionals="0" methods="0" coveredmethods="0"/>
      </file>
      <file name="theme.js" path="/Users/emily/github/components/src/theme.js">
        <metrics statements="3" coveredstatements="3" conditionals="2" coveredconditionals="2" methods="2" coveredmethods="2"/>
        <line num="4" count="32" type="stmt"/>
        <line num="58" count="32" type="stmt"/>
        <line num="105" count="480" type="cond" truecount="2" falsecount="0"/>
      </file>
    </metrics>
  </project>
</coverage>
