{"/Users/emily/github/components/src/Avatar.js": {"path":"/Users/emily/github/components/src/Avatar.js","statementMap":{"0":{"start":{"line":9,"column":2},"end":{"line":11,"column":3}},"1":{"start":{"line":14,"column":15},"end":{"line":24,"column":1}},"2":{"start":{"line":14,"column":42},"end":{"line":17,"column":1}},"3":{"start":{"line":26,"column":0},"end":{"line":30,"column":1}},"4":{"start":{"line":32,"column":0},"end":{"line":38,"column":1}}},"fnMap":{"0":{"name":"borderRadius","decl":{"start":{"line":8,"column":9},"end":{"line":8,"column":21}},"loc":{"start":{"line":8,"column":30},"end":{"line":12,"column":1}},"line":8},"1":{"name":"(anonymous_1)","decl":{"start":{"line":14,"column":32},"end":{"line":14,"column":33}},"loc":{"start":{"line":14,"column":42},"end":{"line":17,"column":1}},"line":14}},"branchMap":{"0":{"loc":{"start":{"line":10,"column":18},"end":{"line":10,"column":44}},"type":"cond-expr","locations":[{"start":{"line":10,"column":31},"end":{"line":10,"column":36}},{"start":{"line":10,"column":39},"end":{"line":10,"column":44}}],"line":10}},"s":{"0":22,"1":5,"2":11,"3":5,"4":5},"f":{"0":22,"1":11},"b":{"0":[18,4]},"_coverageSchema":"332fd63041d2c1bcb487cc26dd0d5f7d97098a6c","hash":"4cdc363ffab7f0b3e8837ec2da759dcc8d4e3f19"}
,"/Users/emily/github/components/src/AvatarPair.js": {"path":"/Users/emily/github/components/src/AvatarPair.js","statementMap":{"0":{"start":{"line":8,"column":27},"end":{"line":8,"column":46}},"1":{"start":{"line":10,"column":16},"end":{"line":13,"column":1}},"2":{"start":{"line":15,"column":20},"end":{"line":26,"column":2}},"3":{"start":{"line":15,"column":30},"end":{"line":26,"column":1}},"4":{"start":{"line":28,"column":20},"end":{"line":28,"column":47}},"5":{"start":{"line":29,"column":19},"end":{"line":34,"column":1}},"6":{"start":{"line":30,"column":18},"end":{"line":32,"column":4}},"7":{"start":{"line":31,"column":4},"end":{"line":31,"column":103}},"8":{"start":{"line":33,"column":2},"end":{"line":33,"column":47}},"9":{"start":{"line":37,"column":0},"end":{"line":37,"column":37}},"10":{"start":{"line":39,"column":0},"end":{"line":39,"column":33}},"11":{"start":{"line":40,"column":0},"end":{"line":44,"column":1}}},"fnMap":{"0":{"name":"(anonymous_0)","decl":{"start":{"line":15,"column":20},"end":{"line":15,"column":21}},"loc":{"start":{"line":15,"column":30},"end":{"line":26,"column":1}},"line":15},"1":{"name":"(anonymous_1)","decl":{"start":{"line":29,"column":19},"end":{"line":29,"column":20}},"loc":{"start":{"line":29,"column":44},"end":{"line":34,"column":1}},"line":29},"2":{"name":"(anonymous_2)","decl":{"start":{"line":30,"column":47},"end":{"line":30,"column":48}},"loc":{"start":{"line":30,"column":61},"end":{"line":32,"column":3}},"line":30}},"branchMap":{"0":{"loc":{"start":{"line":31,"column":11},"end":{"line":31,"column":103}},"type":"cond-expr","locations":[{"start":{"line":31,"column":21},"end":{"line":31,"column":58}},{"start":{"line":31,"column":61},"end":{"line":31,"column":103}}],"line":31}},"s":{"0":4,"1":4,"2":4,"3":0,"4":4,"5":4,"6":0,"7":0,"8":0,"9":4,"10":4,"11":4},"f":{"0":0,"1":0,"2":0},"b":{"0":[0,0]},"_coverageSchema":"332fd63041d2c1bcb487cc26dd0d5f7d97098a6c","hash":"219340272d6b466bdb36e46ae3b3dd6553625fa5"}
,"/Users/emily/github/components/src/BaseStyles.js": {"path":"/Users/emily/github/components/src/BaseStyles.js","statementMap":{"0":{"start":{"line":7,"column":20},"end":{"line":11,"column":1}},"1":{"start":{"line":12,"column":13},"end":{"line":20,"column":1}},"2":{"start":{"line":13,"column":58},"end":{"line":13,"column":63}},"3":{"start":{"line":14,"column":2},"end":{"line":19,"column":3}},"4":{"start":{"line":21,"column":19},"end":{"line":23,"column":1}},"5":{"start":{"line":25,"column":0},"end":{"line":30,"column":1}},"6":{"start":{"line":32,"column":0},"end":{"line":36,"column":1}}},"fnMap":{"0":{"name":"(anonymous_0)","decl":{"start":{"line":12,"column":13},"end":{"line":12,"column":14}},"loc":{"start":{"line":12,"column":22},"end":{"line":20,"column":1}},"line":12}},"branchMap":{},"s":{"0":4,"1":4,"2":0,"3":0,"4":4,"5":4,"6":4},"f":{"0":0},"b":{},"_coverageSchema":"332fd63041d2c1bcb487cc26dd0d5f7d97098a6c","hash":"9403de8676c9d33e78b7d6d349c2e9cc2e54183d"}
,"/Users/emily/github/components/src/BorderBox.js": {"path":"/Users/emily/github/components/src/BorderBox.js","statementMap":{"0":{"start":{"line":7,"column":18},"end":{"line":7,"column":37}},"1":{"start":{"line":9,"column":0},"end":{"line":14,"column":1}},"2":{"start":{"line":16,"column":0},"end":{"line":20,"column":1}}},"fnMap":{},"branchMap":{},"s":{"0":7,"1":7,"2":7},"f":{},"b":{},"_coverageSchema":"332fd63041d2c1bcb487cc26dd0d5f7d97098a6c","hash":"5263797c0fabe89703d1993d071da2e63b674881"}
,"/Users/emily/github/components/src/Box.js": {"path":"/Users/emily/github/components/src/Box.js","statementMap":{"0":{"start":{"line":8,"column":12},"end":{"line":12,"column":1}},"1":{"start":{"line":14,"column":0},"end":{"line":14,"column":26}},"2":{"start":{"line":16,"column":0},"end":{"line":21,"column":1}}},"fnMap":{},"branchMap":{},"s":{"0":11,"1":11,"2":11},"f":{},"b":{},"_coverageSchema":"332fd63041d2c1bcb487cc26dd0d5f7d97098a6c","hash":"76276c500ff5bd99d7390821c002b06f31a5bcc0"}
,"/Users/emily/github/components/src/BranchName.js": {"path":"/Users/emily/github/components/src/BranchName.js","statementMap":{"0":{"start":{"line":6,"column":19},"end":{"line":15,"column":1}},"1":{"start":{"line":17,"column":0},"end":{"line":19,"column":1}},"2":{"start":{"line":21,"column":0},"end":{"line":25,"column":1}}},"fnMap":{},"branchMap":{},"s":{"0":5,"1":5,"2":5},"f":{},"b":{},"_coverageSchema":"332fd63041d2c1bcb487cc26dd0d5f7d97098a6c","hash":"71d5ee69b508423a670fd75f0ba3943b5b9319da"}
,"/Users/emily/github/components/src/Button.js": {"path":"/Users/emily/github/components/src/Button.js","statementMap":{"0":{"start":{"line":10,"column":2},"end":{"line":13,"column":3}},"1":{"start":{"line":16,"column":15},"end":{"line":24,"column":1}},"2":{"start":{"line":16,"column":45},"end":{"line":19,"column":1}},"3":{"start":{"line":20,"column":14},"end":{"line":20,"column":61}},"4":{"start":{"line":26,"column":0},"end":{"line":28,"column":1}},"5":{"start":{"line":30,"column":0},"end":{"line":39,"column":1}}},"fnMap":{"0":{"name":"fontSize","decl":{"start":{"line":9,"column":9},"end":{"line":9,"column":17}},"loc":{"start":{"line":9,"column":45},"end":{"line":14,"column":1}},"line":9},"1":{"name":"(anonymous_1)","decl":{"start":{"line":16,"column":35},"end":{"line":16,"column":36}},"loc":{"start":{"line":16,"column":45},"end":{"line":19,"column":1}},"line":16},"2":{"name":"(anonymous_2)","decl":{"start":{"line":20,"column":4},"end":{"line":20,"column":5}},"loc":{"start":{"line":20,"column":14},"end":{"line":20,"column":61}},"line":20}},"branchMap":{"0":{"loc":{"start":{"line":9,"column":19},"end":{"line":9,"column":32}},"type":"default-arg","locations":[{"start":{"line":9,"column":26},"end":{"line":9,"column":32}}],"line":9},"1":{"loc":{"start":{"line":12,"column":6},"end":{"line":12,"column":115}},"type":"cond-expr","locations":[{"start":{"line":12,"column":22},"end":{"line":12,"column":54}},{"start":{"line":12,"column":57},"end":{"line":12,"column":115}}],"line":12},"2":{"loc":{"start":{"line":12,"column":57},"end":{"line":12,"column":115}},"type":"cond-expr","locations":[{"start":{"line":12,"column":76},"end":{"line":12,"column":108}},{"start":{"line":12,"column":111},"end":{"line":12,"column":115}}],"line":12},"3":{"loc":{"start":{"line":17,"column":11},"end":{"line":17,"column":53}},"type":"cond-expr","locations":[{"start":{"line":17,"column":28},"end":{"line":17,"column":37}},{"start":{"line":17,"column":40},"end":{"line":17,"column":53}}],"line":17},"4":{"loc":{"start":{"line":18,"column":13},"end":{"line":18,"column":45}},"type":"cond-expr","locations":[{"start":{"line":18,"column":30},"end":{"line":18,"column":40}},{"start":{"line":18,"column":43},"end":{"line":18,"column":45}}],"line":18},"5":{"loc":{"start":{"line":20,"column":14},"end":{"line":20,"column":61}},"type":"cond-expr","locations":[{"start":{"line":20,"column":28},"end":{"line":20,"column":56}},{"start":{"line":20,"column":59},"end":{"line":20,"column":61}}],"line":20}},"s":{"0":52,"1":5,"2":26,"3":52,"4":5,"5":5},"f":{"0":52,"1":26,"2":52},"b":{"0":[44],"1":[4,48],"2":[4,44],"3":[2,24],"4":[2,24],"5":[52,0]},"_coverageSchema":"332fd63041d2c1bcb487cc26dd0d5f7d97098a6c","hash":"4878cd3572d97882f1997c37dd69cab797d23860"}
,"/Users/emily/github/components/src/ButtonDanger.js": {"path":"/Users/emily/github/components/src/ButtonDanger.js","statementMap":{"0":{"start":{"line":5,"column":21},"end":{"line":40,"column":1}}},"fnMap":{},"branchMap":{},"s":{"0":4},"f":{},"b":{},"_coverageSchema":"332fd63041d2c1bcb487cc26dd0d5f7d97098a6c","hash":"68e428557d651de6585626b5da014726a2dcd7c0"}
,"/Users/emily/github/components/src/ButtonGroup.js": {"path":"/Users/emily/github/components/src/ButtonGroup.js","statementMap":{"0":{"start":{"line":4,"column":20},"end":{"line":37,"column":1}},"1":{"start":{"line":38,"column":0},"end":{"line":40,"column":1}},"2":{"start":{"line":41,"column":0},"end":{"line":43,"column":1}}},"fnMap":{},"branchMap":{},"s":{"0":4,"1":4,"2":4},"f":{},"b":{},"_coverageSchema":"332fd63041d2c1bcb487cc26dd0d5f7d97098a6c","hash":"c40d91ebd9f0593deab9085d4e850b52220910ef"}
,"/Users/emily/github/components/src/ButtonOutline.js": {"path":"/Users/emily/github/components/src/ButtonOutline.js","statementMap":{"0":{"start":{"line":5,"column":22},"end":{"line":28,"column":1}}},"fnMap":{},"branchMap":{},"s":{"0":4},"f":{},"b":{},"_coverageSchema":"332fd63041d2c1bcb487cc26dd0d5f7d97098a6c","hash":"3f76d35e6f9c759ce542d882b7a693a05bc9c904"}
,"/Users/emily/github/components/src/ButtonPrimary.js": {"path":"/Users/emily/github/components/src/ButtonPrimary.js","statementMap":{"0":{"start":{"line":5,"column":22},"end":{"line":35,"column":1}}},"fnMap":{},"branchMap":{},"s":{"0":4},"f":{},"b":{},"_coverageSchema":"332fd63041d2c1bcb487cc26dd0d5f7d97098a6c","hash":"d985a73bac13b65d009d9715f62f17a257b906f2"}
,"/Users/emily/github/components/src/ButtonStyles.js": {"path":"/Users/emily/github/components/src/ButtonStyles.js","statementMap":{"0":{"start":{"line":3,"column":24},"end":{"line":91,"column":1}},"1":{"start":{"line":4,"column":2},"end":{"line":90,"column":5}}},"fnMap":{"0":{"name":"(anonymous_0)","decl":{"start":{"line":3,"column":24},"end":{"line":3,"column":25}},"loc":{"start":{"line":3,"column":33},"end":{"line":91,"column":1}},"line":3}},"branchMap":{},"s":{"0":5,"1":52},"f":{"0":52},"b":{},"_coverageSchema":"332fd63041d2c1bcb487cc26dd0d5f7d97098a6c","hash":"d21f9094f2b4b871cce1ad8c307846114946190b"}
,"/Users/emily/github/components/src/Caret.js": {"path":"/Users/emily/github/components/src/Caret.js","statementMap":{"0":{"start":{"line":6,"column":21},"end":{"line":11,"column":1}},"1":{"start":{"line":13,"column":26},"end":{"line":18,"column":1}},"2":{"start":{"line":21,"column":24},"end":{"line":21,"column":43}},"3":{"start":{"line":22,"column":2},"end":{"line":22,"column":22}},"4":{"start":{"line":26,"column":19},"end":{"line":26,"column":51}},"5":{"start":{"line":27,"column":15},"end":{"line":27,"column":52}},"6":{"start":{"line":28,"column":2},"end":{"line":31,"column":3}},"7":{"start":{"line":34,"column":14},"end":{"line":34,"column":48}},"8":{"start":{"line":35,"column":23},"end":{"line":35,"column":66}},"9":{"start":{"line":36,"column":23},"end":{"line":36,"column":87}},"10":{"start":{"line":37,"column":16},"end":{"line":37,"column":51}},"11":{"start":{"line":40,"column":15},"end":{"line":40,"column":27}},"12":{"start":{"line":41,"column":24},"end":{"line":41,"column":45}},"13":{"start":{"line":42,"column":24},"end":{"line":42,"column":45}},"14":{"start":{"line":43,"column":17},"end":{"line":43,"column":31}},"15":{"start":{"line":45,"column":21},"end":{"line":45,"column":26}},"16":{"start":{"line":46,"column":24},"end":{"line":46,"column":46}},"17":{"start":{"line":47,"column":15},"end":{"line":47,"column":38}},"18":{"start":{"line":49,"column":16},"end":{"line":57,"column":3}},"19":{"start":{"line":60,"column":12},"end":{"line":60,"column":22}},"20":{"start":{"line":61,"column":12},"end":{"line":61,"column":21}},"21":{"start":{"line":62,"column":12},"end":{"line":62,"column":21}},"22":{"start":{"line":67,"column":19},"end":{"line":67,"column":42}},"23":{"start":{"line":68,"column":15},"end":{"line":68,"column":32}},"24":{"start":{"line":70,"column":20},"end":{"line":75,"column":9}},"25":{"start":{"line":77,"column":2},"end":{"line":84,"column":3}},"26":{"start":{"line":87,"column":0},"end":{"line":100,"column":1}},"27":{"start":{"line":102,"column":0},"end":{"line":109,"column":1}},"28":{"start":{"line":111,"column":0},"end":{"line":122,"column":1}}},"fnMap":{"0":{"name":"getEdgeAlign","decl":{"start":{"line":20,"column":9},"end":{"line":20,"column":21}},"loc":{"start":{"line":20,"column":32},"end":{"line":23,"column":1}},"line":20},"1":{"name":"getPosition","decl":{"start":{"line":25,"column":9},"end":{"line":25,"column":20}},"loc":{"start":{"line":25,"column":43},"end":{"line":32,"column":1}},"line":25},"2":{"name":"Caret","decl":{"start":{"line":39,"column":9},"end":{"line":39,"column":14}},"loc":{"start":{"line":39,"column":22},"end":{"line":85,"column":1}},"line":39}},"branchMap":{"0":{"loc":{"start":{"line":30,"column":5},"end":{"line":30,"column":18}},"type":"binary-expr","locations":[{"start":{"line":30,"column":5},"end":{"line":30,"column":10}},{"start":{"line":30,"column":14},"end":{"line":30,"column":18}}],"line":30},"1":{"loc":{"start":{"line":30,"column":21},"end":{"line":30,"column":44}},"type":"cond-expr","locations":[{"start":{"line":30,"column":29},"end":{"line":30,"column":36}},{"start":{"line":30,"column":39},"end":{"line":30,"column":44}}],"line":30},"2":{"loc":{"start":{"line":55,"column":23},"end":{"line":55,"column":43}},"type":"cond-expr","locations":[{"start":{"line":55,"column":31},"end":{"line":55,"column":35}},{"start":{"line":55,"column":38},"end":{"line":55,"column":43}}],"line":55}},"s":{"0":5,"1":5,"2":35,"3":35,"4":35,"5":35,"6":35,"7":5,"8":5,"9":5,"10":5,"11":35,"12":35,"13":35,"14":35,"15":35,"16":35,"17":35,"18":35,"19":35,"20":35,"21":35,"22":35,"23":35,"24":35,"25":35,"26":5,"27":5,"28":5},"f":{"0":35,"1":35,"2":35},"b":{"0":[35,19],"1":[16,19],"2":[16,19]},"_coverageSchema":"332fd63041d2c1bcb487cc26dd0d5f7d97098a6c","hash":"8965e07ceec4a4860b24e569caf0919de1a98359"}
,"/Users/emily/github/components/src/CircleBadge.js": {"path":"/Users/emily/github/components/src/CircleBadge.js","statementMap":{"0":{"start":{"line":7,"column":19},"end":{"line":15,"column":1}},"1":{"start":{"line":8,"column":2},"end":{"line":8,"column":43}},"2":{"start":{"line":8,"column":32},"end":{"line":8,"column":43}},"3":{"start":{"line":9,"column":14},"end":{"line":13,"column":3}},"4":{"start":{"line":14,"column":2},"end":{"line":14,"column":18}},"5":{"start":{"line":17,"column":19},"end":{"line":22,"column":1}},"6":{"start":{"line":18,"column":2},"end":{"line":21,"column":3}},"7":{"start":{"line":24,"column":20},"end":{"line":32,"column":1}},"8":{"start":{"line":34,"column":13},"end":{"line":39,"column":1}},"9":{"start":{"line":40,"column":0},"end":{"line":40,"column":23}},"10":{"start":{"line":42,"column":0},"end":{"line":45,"column":1}},"11":{"start":{"line":47,"column":0},"end":{"line":51,"column":1}},"12":{"start":{"line":53,"column":0},"end":{"line":55,"column":1}},"13":{"start":{"line":57,"column":0},"end":{"line":60,"column":1}}},"fnMap":{"0":{"name":"(anonymous_0)","decl":{"start":{"line":7,"column":19},"end":{"line":7,"column":20}},"loc":{"start":{"line":7,"column":40},"end":{"line":15,"column":1}},"line":7},"1":{"name":"(anonymous_1)","decl":{"start":{"line":17,"column":19},"end":{"line":17,"column":20}},"loc":{"start":{"line":17,"column":31},"end":{"line":22,"column":1}},"line":17}},"branchMap":{"0":{"loc":{"start":{"line":7,"column":20},"end":{"line":7,"column":35}},"type":"default-arg","locations":[{"start":{"line":7,"column":27},"end":{"line":7,"column":35}}],"line":7},"1":{"loc":{"start":{"line":8,"column":2},"end":{"line":8,"column":43}},"type":"if","locations":[{"start":{"line":8,"column":2},"end":{"line":8,"column":43}},{"start":{"line":8,"column":2},"end":{"line":8,"column":43}}],"line":8}},"s":{"0":5,"1":24,"2":0,"3":24,"4":24,"5":5,"6":12,"7":5,"8":5,"9":5,"10":5,"11":5,"12":5,"13":5},"f":{"0":24,"1":12},"b":{"0":[0],"1":[0,24]},"_coverageSchema":"332fd63041d2c1bcb487cc26dd0d5f7d97098a6c","hash":"d4d8fa7699deaaab418f31666d780304ae5cd362"}
,"/Users/emily/github/components/src/CircleOcticon.js": {"path":"/Users/emily/github/components/src/CircleOcticon.js","statementMap":{"0":{"start":{"line":9,"column":21},"end":{"line":9,"column":26}},"1":{"start":{"line":10,"column":42},"end":{"line":10,"column":47}},"2":{"start":{"line":11,"column":2},"end":{"line":17,"column":3}},"3":{"start":{"line":20,"column":0},"end":{"line":24,"column":1}},"4":{"start":{"line":26,"column":0},"end":{"line":31,"column":1}}},"fnMap":{"0":{"name":"CircleOcticon","decl":{"start":{"line":8,"column":9},"end":{"line":8,"column":22}},"loc":{"start":{"line":8,"column":30},"end":{"line":18,"column":1}},"line":8}},"branchMap":{},"s":{"0":10,"1":10,"2":10,"3":5,"4":5},"f":{"0":10},"b":{},"_coverageSchema":"332fd63041d2c1bcb487cc26dd0d5f7d97098a6c","hash":"52888b68aaeb777d31e3da2d854ad9c15a67aa65"}
,"/Users/emily/github/components/src/CounterLabel.js": {"path":"/Users/emily/github/components/src/CounterLabel.js","statementMap":{"0":{"start":{"line":6,"column":20},"end":{"line":15,"column":1}},"1":{"start":{"line":7,"column":2},"end":{"line":14,"column":3}},"2":{"start":{"line":17,"column":17},"end":{"line":26,"column":1}},"3":{"start":{"line":18,"column":2},"end":{"line":25,"column":3}},"4":{"start":{"line":28,"column":21},"end":{"line":42,"column":1}},"5":{"start":{"line":44,"column":0},"end":{"line":46,"column":1}},"6":{"start":{"line":48,"column":0},"end":{"line":53,"column":1}}},"fnMap":{"0":{"name":"(anonymous_0)","decl":{"start":{"line":6,"column":20},"end":{"line":6,"column":21}},"loc":{"start":{"line":6,"column":44},"end":{"line":15,"column":1}},"line":6},"1":{"name":"(anonymous_1)","decl":{"start":{"line":17,"column":17},"end":{"line":17,"column":18}},"loc":{"start":{"line":17,"column":41},"end":{"line":26,"column":1}},"line":17}},"branchMap":{"0":{"loc":{"start":{"line":9,"column":6},"end":{"line":13,"column":39}},"type":"cond-expr","locations":[{"start":{"line":10,"column":10},"end":{"line":10,"column":37}},{"start":{"line":11,"column":10},"end":{"line":13,"column":39}}],"line":9},"1":{"loc":{"start":{"line":11,"column":10},"end":{"line":13,"column":39}},"type":"cond-expr","locations":[{"start":{"line":12,"column":12},"end":{"line":12,"column":38}},{"start":{"line":13,"column":12},"end":{"line":13,"column":39}}],"line":11},"2":{"loc":{"start":{"line":20,"column":6},"end":{"line":24,"column":43}},"type":"cond-expr","locations":[{"start":{"line":21,"column":10},"end":{"line":21,"column":42}},{"start":{"line":22,"column":10},"end":{"line":24,"column":43}}],"line":20},"3":{"loc":{"start":{"line":22,"column":10},"end":{"line":24,"column":43}},"type":"cond-expr","locations":[{"start":{"line":23,"column":12},"end":{"line":23,"column":39}},{"start":{"line":24,"column":12},"end":{"line":24,"column":43}}],"line":22}},"s":{"0":5,"1":26,"2":5,"3":26,"4":5,"5":5,"6":5},"f":{"0":26,"1":26},"b":{"0":[8,18],"1":[8,10],"2":[8,18],"3":[8,10]},"_coverageSchema":"332fd63041d2c1bcb487cc26dd0d5f7d97098a6c","hash":"a7438a9353007f9317c1600b85c4684be63e977a"}
,"/Users/emily/github/components/src/Details.js": {"path":"/Users/emily/github/components/src/Details.js","statementMap":{"0":{"start":{"line":7,"column":21},"end":{"line":14,"column":1}},"1":{"start":{"line":16,"column":2},"end":{"line":16,"column":67}},"2":{"start":{"line":16,"column":59},"end":{"line":16,"column":67}},"3":{"start":{"line":20,"column":26},"end":{"line":20,"column":54}},"4":{"start":{"line":23,"column":4},"end":{"line":23,"column":37}},"5":{"start":{"line":23,"column":15},"end":{"line":23,"column":37}},"6":{"start":{"line":24,"column":4},"end":{"line":28,"column":5}},"7":{"start":{"line":25,"column":6},"end":{"line":25,"column":16}},"8":{"start":{"line":27,"column":6},"end":{"line":27,"column":20}},"9":{"start":{"line":32,"column":4},"end":{"line":35,"column":5}},"10":{"start":{"line":33,"column":6},"end":{"line":33,"column":19}},"11":{"start":{"line":34,"column":6},"end":{"line":34,"column":51}},"12":{"start":{"line":39,"column":4},"end":{"line":39,"column":37}},"13":{"start":{"line":39,"column":15},"end":{"line":39,"column":37}},"14":{"start":{"line":40,"column":4},"end":{"line":40,"column":18}},"15":{"start":{"line":41,"column":4},"end":{"line":41,"column":52}},"16":{"start":{"line":43,"column":2},"end":{"line":47,"column":3}},"17":{"start":{"line":50,"column":16},"end":{"line":50,"column":43}},"18":{"start":{"line":52,"column":0},"end":{"line":55,"column":1}},"19":{"start":{"line":57,"column":0},"end":{"line":65,"column":1}}},"fnMap":{"0":{"name":"getRenderer","decl":{"start":{"line":15,"column":9},"end":{"line":15,"column":20}},"loc":{"start":{"line":15,"column":31},"end":{"line":17,"column":1}},"line":15},"1":{"name":"(anonymous_1)","decl":{"start":{"line":16,"column":53},"end":{"line":16,"column":54}},"loc":{"start":{"line":16,"column":59},"end":{"line":16,"column":67}},"line":16},"2":{"name":"DetailsBase","decl":{"start":{"line":19,"column":9},"end":{"line":19,"column":20}},"loc":{"start":{"line":19,"column":83},"end":{"line":48,"column":1}},"line":19},"3":{"name":"toggle","decl":{"start":{"line":22,"column":11},"end":{"line":22,"column":17}},"loc":{"start":{"line":22,"column":25},"end":{"line":29,"column":3}},"line":22},"4":{"name":"openMenu","decl":{"start":{"line":31,"column":11},"end":{"line":31,"column":19}},"loc":{"start":{"line":31,"column":22},"end":{"line":36,"column":3}},"line":31},"5":{"name":"closeMenu","decl":{"start":{"line":38,"column":11},"end":{"line":38,"column":20}},"loc":{"start":{"line":38,"column":28},"end":{"line":42,"column":3}},"line":38}},"branchMap":{"0":{"loc":{"start":{"line":16,"column":9},"end":{"line":16,"column":67}},"type":"cond-expr","locations":[{"start":{"line":16,"column":42},"end":{"line":16,"column":50}},{"start":{"line":16,"column":53},"end":{"line":16,"column":67}}],"line":16},"1":{"loc":{"start":{"line":19,"column":41},"end":{"line":19,"column":71}},"type":"default-arg","locations":[{"start":{"line":19,"column":50},"end":{"line":19,"column":71}}],"line":19},"2":{"loc":{"start":{"line":23,"column":4},"end":{"line":23,"column":37}},"type":"if","locations":[{"start":{"line":23,"column":4},"end":{"line":23,"column":37}},{"start":{"line":23,"column":4},"end":{"line":23,"column":37}}],"line":23},"3":{"loc":{"start":{"line":24,"column":4},"end":{"line":28,"column":5}},"type":"if","locations":[{"start":{"line":24,"column":4},"end":{"line":28,"column":5}},{"start":{"line":24,"column":4},"end":{"line":28,"column":5}}],"line":24},"4":{"loc":{"start":{"line":32,"column":4},"end":{"line":35,"column":5}},"type":"if","locations":[{"start":{"line":32,"column":4},"end":{"line":35,"column":5}},{"start":{"line":32,"column":4},"end":{"line":35,"column":5}}],"line":32},"5":{"loc":{"start":{"line":39,"column":4},"end":{"line":39,"column":37}},"type":"if","locations":[{"start":{"line":39,"column":4},"end":{"line":39,"column":37}},{"start":{"line":39,"column":4},"end":{"line":39,"column":37}}],"line":39}},"s":{"0":6,"1":10,"2":2,"3":10,"4":2,"5":2,"6":2,"7":0,"8":2,"9":0,"10":0,"11":0,"12":0,"13":0,"14":0,"15":0,"16":10,"17":6,"18":6,"19":6},"f":{"0":10,"1":2,"2":10,"3":2,"4":0,"5":0},"b":{"0":[8,2],"1":[10],"2":[2,0],"3":[0,2],"4":[0,0],"5":[0,0]},"_coverageSchema":"332fd63041d2c1bcb487cc26dd0d5f7d97098a6c","hash":"3304e5e8bf2ef499edcf6e58f7344ffab6cf8b52"}
,"/Users/emily/github/components/src/Dialog.js": {"path":"/Users/emily/github/components/src/Dialog.js","statementMap":{"0":{"start":{"line":15,"column":20},"end":{"line":15,"column":51}},"1":{"start":{"line":17,"column":25},"end":{"line":23,"column":1}},"2":{"start":{"line":25,"column":22},"end":{"line":40,"column":1}},"3":{"start":{"line":42,"column":23},"end":{"line":48,"column":1}},"4":{"start":{"line":50,"column":21},"end":{"line":62,"column":1}},"5":{"start":{"line":64,"column":0},"end":{"line":64,"column":29}},"6":{"start":{"line":66,"column":0},"end":{"line":71,"column":1}},"7":{"start":{"line":73,"column":25},"end":{"line":94,"column":1}},"8":{"start":{"line":74,"column":2},"end":{"line":93,"column":3}},"9":{"start":{"line":96,"column":0},"end":{"line":96,"column":39}},"10":{"start":{"line":98,"column":0},"end":{"line":107,"column":1}}},"fnMap":{"0":{"name":"(anonymous_0)","decl":{"start":{"line":73,"column":25},"end":{"line":73,"column":26}},"loc":{"start":{"line":73,"column":58},"end":{"line":94,"column":1}},"line":73}},"branchMap":{"0":{"loc":{"start":{"line":78,"column":11},"end":{"line":84,"column":11}},"type":"cond-expr","locations":[{"start":{"line":79,"column":12},"end":{"line":81,"column":19}},{"start":{"line":83,"column":12},"end":{"line":83,"column":17}}],"line":78}},"s":{"0":4,"1":4,"2":4,"3":4,"4":4,"5":4,"6":4,"7":4,"8":0,"9":4,"10":4},"f":{"0":0},"b":{"0":[0,0]},"_coverageSchema":"332fd63041d2c1bcb487cc26dd0d5f7d97098a6c","hash":"30d8d988f5a9742378403a2271a42a7cd093c1d3"}
,"/Users/emily/github/components/src/Dropdown.js": {"path":"/Users/emily/github/components/src/Dropdown.js","statementMap":{"0":{"start":{"line":10,"column":21},"end":{"line":24,"column":1}},"1":{"start":{"line":11,"column":2},"end":{"line":23,"column":3}},"2":{"start":{"line":14,"column":8},"end":{"line":20,"column":11}},"3":{"start":{"line":25,"column":17},"end":{"line":29,"column":1}},"4":{"start":{"line":31,"column":22},"end":{"line":39,"column":1}},"5":{"start":{"line":41,"column":21},"end":{"line":84,"column":1}},"6":{"start":{"line":82,"column":14},"end":{"line":82,"column":85}},"7":{"start":{"line":86,"column":21},"end":{"line":107,"column":1}},"8":{"start":{"line":109,"column":0},"end":{"line":109,"column":28}},"9":{"start":{"line":110,"column":0},"end":{"line":110,"column":28}},"10":{"start":{"line":112,"column":0},"end":{"line":115,"column":1}},"11":{"start":{"line":117,"column":0},"end":{"line":120,"column":1}},"12":{"start":{"line":122,"column":0},"end":{"line":122,"column":36}},"13":{"start":{"line":123,"column":0},"end":{"line":125,"column":1}},"14":{"start":{"line":127,"column":0},"end":{"line":127,"column":31}},"15":{"start":{"line":128,"column":0},"end":{"line":131,"column":1}}},"fnMap":{"0":{"name":"(anonymous_0)","decl":{"start":{"line":10,"column":21},"end":{"line":10,"column":22}},"loc":{"start":{"line":10,"column":53},"end":{"line":24,"column":1}},"line":10},"1":{"name":"(anonymous_1)","decl":{"start":{"line":13,"column":7},"end":{"line":13,"column":8}},"loc":{"start":{"line":14,"column":8},"end":{"line":20,"column":11}},"line":14},"2":{"name":"(anonymous_2)","decl":{"start":{"line":82,"column":4},"end":{"line":82,"column":5}},"loc":{"start":{"line":82,"column":14},"end":{"line":82,"column":85}},"line":82}},"branchMap":{"0":{"loc":{"start":{"line":82,"column":14},"end":{"line":82,"column":85}},"type":"cond-expr","locations":[{"start":{"line":82,"column":32},"end":{"line":82,"column":80}},{"start":{"line":82,"column":83},"end":{"line":82,"column":85}}],"line":82}},"s":{"0":5,"1":5,"2":5,"3":5,"4":5,"5":5,"6":10,"7":5,"8":5,"9":5,"10":5,"11":5,"12":5,"13":5,"14":5,"15":5},"f":{"0":5,"1":5,"2":10},"b":{"0":[10,0]},"_coverageSchema":"332fd63041d2c1bcb487cc26dd0d5f7d97098a6c","hash":"bd5274c59c8a129ad520258d298e6a747f0e1e9c"}
,"/Users/emily/github/components/src/DropdownStyles.js": {"path":"/Users/emily/github/components/src/DropdownStyles.js","statementMap":{"0":{"start":{"line":3,"column":27},"end":{"line":125,"column":1}},"1":{"start":{"line":4,"column":14},"end":{"line":123,"column":3}},"2":{"start":{"line":124,"column":2},"end":{"line":124,"column":23}}},"fnMap":{"0":{"name":"(anonymous_0)","decl":{"start":{"line":3,"column":27},"end":{"line":3,"column":28}},"loc":{"start":{"line":3,"column":49},"end":{"line":125,"column":1}},"line":3}},"branchMap":{},"s":{"0":5,"1":10,"2":10},"f":{"0":10},"b":{},"_coverageSchema":"332fd63041d2c1bcb487cc26dd0d5f7d97098a6c","hash":"5b08b568c6a3c375c2199f96f1ed077b8ee16e9d"}
,"/Users/emily/github/components/src/FilterList.js": {"path":"/Users/emily/github/components/src/FilterList.js","statementMap":{"0":{"start":{"line":9,"column":2},"end":{"line":18,"column":3}},"1":{"start":{"line":21,"column":13},"end":{"line":48,"column":1}},"2":{"start":{"line":24,"column":23},"end":{"line":24,"column":106}},"3":{"start":{"line":25,"column":22},"end":{"line":25,"column":59}},"4":{"start":{"line":28,"column":21},"end":{"line":28,"column":80}},"5":{"start":{"line":29,"column":32},"end":{"line":29,"column":74}},"6":{"start":{"line":50,"column":23},"end":{"line":56,"column":1}},"7":{"start":{"line":51,"column":16},"end":{"line":53,"column":4}},"8":{"start":{"line":52,"column":4},"end":{"line":52,"column":27}},"9":{"start":{"line":55,"column":2},"end":{"line":55,"column":35}},"10":{"start":{"line":58,"column":19},"end":{"line":61,"column":1}},"11":{"start":{"line":63,"column":0},"end":{"line":67,"column":1}},"12":{"start":{"line":69,"column":0},"end":{"line":73,"column":1}},"13":{"start":{"line":75,"column":0},"end":{"line":75,"column":22}},"14":{"start":{"line":77,"column":0},"end":{"line":79,"column":1}},"15":{"start":{"line":81,"column":0},"end":{"line":89,"column":1}}},"fnMap":{"0":{"name":"ItemBase","decl":{"start":{"line":8,"column":9},"end":{"line":8,"column":17}},"loc":{"start":{"line":8,"column":53},"end":{"line":19,"column":1}},"line":8},"1":{"name":"(anonymous_1)","decl":{"start":{"line":24,"column":13},"end":{"line":24,"column":14}},"loc":{"start":{"line":24,"column":23},"end":{"line":24,"column":106}},"line":24},"2":{"name":"(anonymous_2)","decl":{"start":{"line":25,"column":12},"end":{"line":25,"column":13}},"loc":{"start":{"line":25,"column":22},"end":{"line":25,"column":59}},"line":25},"3":{"name":"(anonymous_3)","decl":{"start":{"line":28,"column":11},"end":{"line":28,"column":12}},"loc":{"start":{"line":28,"column":21},"end":{"line":28,"column":80}},"line":28},"4":{"name":"(anonymous_4)","decl":{"start":{"line":29,"column":22},"end":{"line":29,"column":23}},"loc":{"start":{"line":29,"column":32},"end":{"line":29,"column":74}},"line":29},"5":{"name":"(anonymous_5)","decl":{"start":{"line":50,"column":23},"end":{"line":50,"column":24}},"loc":{"start":{"line":50,"column":55},"end":{"line":56,"column":1}},"line":50},"6":{"name":"(anonymous_6)","decl":{"start":{"line":51,"column":45},"end":{"line":51,"column":46}},"loc":{"start":{"line":51,"column":54},"end":{"line":53,"column":3}},"line":51}},"branchMap":{"0":{"loc":{"start":{"line":11,"column":7},"end":{"line":15,"column":7}},"type":"binary-expr","locations":[{"start":{"line":11,"column":7},"end":{"line":11,"column":12}},{"start":{"line":12,"column":8},"end":{"line":14,"column":15}}],"line":11},"1":{"loc":{"start":{"line":24,"column":23},"end":{"line":24,"column":106}},"type":"cond-expr","locations":[{"start":{"line":24,"column":37},"end":{"line":24,"column":70}},{"start":{"line":24,"column":73},"end":{"line":24,"column":106}}],"line":24},"2":{"loc":{"start":{"line":25,"column":22},"end":{"line":25,"column":59}},"type":"cond-expr","locations":[{"start":{"line":25,"column":36},"end":{"line":25,"column":45}},{"start":{"line":25,"column":48},"end":{"line":25,"column":59}}],"line":25},"3":{"loc":{"start":{"line":28,"column":21},"end":{"line":28,"column":80}},"type":"cond-expr","locations":[{"start":{"line":28,"column":38},"end":{"line":28,"column":57}},{"start":{"line":28,"column":60},"end":{"line":28,"column":80}}],"line":28},"4":{"loc":{"start":{"line":29,"column":32},"end":{"line":29,"column":74}},"type":"cond-expr","locations":[{"start":{"line":29,"column":49},"end":{"line":29,"column":69}},{"start":{"line":29,"column":72},"end":{"line":29,"column":74}}],"line":29}},"s":{"0":7,"1":6,"2":18,"3":18,"4":18,"5":18,"6":6,"7":5,"8":2,"9":5,"10":6,"11":6,"12":6,"13":6,"14":6,"15":6},"f":{"0":7,"1":18,"2":18,"3":18,"4":18,"5":5,"6":2},"b":{"0":[7,2],"1":[0,18],"2":[0,18],"3":[4,14],"4":[4,14]},"_coverageSchema":"332fd63041d2c1bcb487cc26dd0d5f7d97098a6c","hash":"7fa26b3700f9ad0d065df8337a1b2bf33a1b74d6"}
,"/Users/emily/github/components/src/Flash.js": {"path":"/Users/emily/github/components/src/Flash.js","statementMap":{"0":{"start":{"line":6,"column":18},"end":{"line":11,"column":1}},"1":{"start":{"line":13,"column":14},"end":{"line":28,"column":1}},"2":{"start":{"line":16,"column":20},"end":{"line":16,"column":85}},"3":{"start":{"line":17,"column":31},"end":{"line":17,"column":93}},"4":{"start":{"line":20,"column":28},"end":{"line":20,"column":58}},"5":{"start":{"line":21,"column":29},"end":{"line":21,"column":53}},"6":{"start":{"line":22,"column":26},"end":{"line":22,"column":51}},"7":{"start":{"line":30,"column":0},"end":{"line":33,"column":1}},"8":{"start":{"line":35,"column":0},"end":{"line":41,"column":1}}},"fnMap":{"0":{"name":"(anonymous_0)","decl":{"start":{"line":16,"column":11},"end":{"line":16,"column":12}},"loc":{"start":{"line":16,"column":20},"end":{"line":16,"column":85}},"line":16},"1":{"name":"(anonymous_1)","decl":{"start":{"line":17,"column":22},"end":{"line":17,"column":23}},"loc":{"start":{"line":17,"column":31},"end":{"line":17,"column":93}},"line":17},"2":{"name":"(anonymous_2)","decl":{"start":{"line":20,"column":18},"end":{"line":20,"column":19}},"loc":{"start":{"line":20,"column":28},"end":{"line":20,"column":58}},"line":20},"3":{"name":"(anonymous_3)","decl":{"start":{"line":21,"column":19},"end":{"line":21,"column":20}},"loc":{"start":{"line":21,"column":29},"end":{"line":21,"column":53}},"line":21},"4":{"name":"(anonymous_4)","decl":{"start":{"line":22,"column":16},"end":{"line":22,"column":17}},"loc":{"start":{"line":22,"column":26},"end":{"line":22,"column":51}},"line":22}},"branchMap":{"0":{"loc":{"start":{"line":16,"column":24},"end":{"line":16,"column":84}},"type":"cond-expr","locations":[{"start":{"line":16,"column":50},"end":{"line":16,"column":79}},{"start":{"line":16,"column":82},"end":{"line":16,"column":84}}],"line":16},"1":{"loc":{"start":{"line":17,"column":35},"end":{"line":17,"column":92}},"type":"cond-expr","locations":[{"start":{"line":17,"column":61},"end":{"line":17,"column":87}},{"start":{"line":17,"column":90},"end":{"line":17,"column":92}}],"line":17},"2":{"loc":{"start":{"line":20,"column":28},"end":{"line":20,"column":58}},"type":"cond-expr","locations":[{"start":{"line":20,"column":41},"end":{"line":20,"column":50}},{"start":{"line":20,"column":53},"end":{"line":20,"column":58}}],"line":20},"3":{"loc":{"start":{"line":21,"column":29},"end":{"line":21,"column":53}},"type":"cond-expr","locations":[{"start":{"line":21,"column":42},"end":{"line":21,"column":45}},{"start":{"line":21,"column":48},"end":{"line":21,"column":53}}],"line":21},"4":{"loc":{"start":{"line":22,"column":26},"end":{"line":22,"column":51}},"type":"cond-expr","locations":[{"start":{"line":22,"column":39},"end":{"line":22,"column":45}},{"start":{"line":22,"column":48},"end":{"line":22,"column":51}}],"line":22}},"s":{"0":5,"1":5,"2":30,"3":30,"4":30,"5":30,"6":30,"7":5,"8":5},"f":{"0":30,"1":30,"2":30,"3":30,"4":30},"b":{"0":[30,0],"1":[30,0],"2":[12,18],"3":[12,18],"4":[12,18]},"_coverageSchema":"332fd63041d2c1bcb487cc26dd0d5f7d97098a6c","hash":"99b4751931c8638885a70e8a267ff17876dab50c"}
,"/Users/emily/github/components/src/Flex.js": {"path":"/Users/emily/github/components/src/Flex.js","statementMap":{"0":{"start":{"line":7,"column":13},"end":{"line":9,"column":1}},"1":{"start":{"line":12,"column":0},"end":{"line":14,"column":1}},"2":{"start":{"line":16,"column":0},"end":{"line":19,"column":1}},"3":{"start":{"line":20,"column":0},"end":{"line":22,"column":1}},"4":{"start":{"line":23,"column":0},"end":{"line":26,"column":1}},"5":{"start":{"line":28,"column":0},"end":{"line":31,"column":1}}},"fnMap":{},"branchMap":{},"s":{"0":7,"1":7,"2":7,"3":7,"4":7,"5":7},"f":{},"b":{},"_coverageSchema":"332fd63041d2c1bcb487cc26dd0d5f7d97098a6c","hash":"d8150ef649ca83340577f7a9555d0a1f43d6bf83"}
,"/Users/emily/github/components/src/Grid.js": {"path":"/Users/emily/github/components/src/Grid.js","statementMap":{"0":{"start":{"line":6,"column":13},"end":{"line":8,"column":1}},"1":{"start":{"line":10,"column":0},"end":{"line":13,"column":1}},"2":{"start":{"line":15,"column":0},"end":{"line":18,"column":1}}},"fnMap":{},"branchMap":{},"s":{"0":5,"1":5,"2":5},"f":{},"b":{},"_coverageSchema":"332fd63041d2c1bcb487cc26dd0d5f7d97098a6c","hash":"bddbd398ec1ab607bf65b1225ddef93f61441ab2"}
,"/Users/emily/github/components/src/Heading.js": {"path":"/Users/emily/github/components/src/Heading.js","statementMap":{"0":{"start":{"line":6,"column":16},"end":{"line":11,"column":1}},"1":{"start":{"line":13,"column":0},"end":{"line":15,"column":1}},"2":{"start":{"line":17,"column":0},"end":{"line":21,"column":1}}},"fnMap":{},"branchMap":{},"s":{"0":4,"1":4,"2":4},"f":{},"b":{},"_coverageSchema":"332fd63041d2c1bcb487cc26dd0d5f7d97098a6c","hash":"fcba26a73e5debacdb2202a3c3418c818bd9d986"}
,"/Users/emily/github/components/src/Label.js": {"path":"/Users/emily/github/components/src/Label.js","statementMap":{"0":{"start":{"line":6,"column":16},"end":{"line":11,"column":1}},"1":{"start":{"line":13,"column":22},"end":{"line":21,"column":1}},"2":{"start":{"line":23,"column":14},"end":{"line":35,"column":1}},"3":{"start":{"line":32,"column":24},"end":{"line":32,"column":99}},"4":{"start":{"line":33,"column":13},"end":{"line":33,"column":32}},"5":{"start":{"line":34,"column":14},"end":{"line":34,"column":48}},"6":{"start":{"line":37,"column":0},"end":{"line":41,"column":1}},"7":{"start":{"line":43,"column":0},"end":{"line":48,"column":1}}},"fnMap":{"0":{"name":"(anonymous_0)","decl":{"start":{"line":32,"column":14},"end":{"line":32,"column":15}},"loc":{"start":{"line":32,"column":24},"end":{"line":32,"column":99}},"line":32},"1":{"name":"(anonymous_1)","decl":{"start":{"line":33,"column":4},"end":{"line":33,"column":5}},"loc":{"start":{"line":33,"column":13},"end":{"line":33,"column":32}},"line":33},"2":{"name":"(anonymous_2)","decl":{"start":{"line":34,"column":4},"end":{"line":34,"column":5}},"loc":{"start":{"line":34,"column":14},"end":{"line":34,"column":48}},"line":34}},"branchMap":{"0":{"loc":{"start":{"line":32,"column":24},"end":{"line":32,"column":99}},"type":"cond-expr","locations":[{"start":{"line":32,"column":43},"end":{"line":32,"column":94}},{"start":{"line":32,"column":97},"end":{"line":32,"column":99}}],"line":32},"1":{"loc":{"start":{"line":34,"column":14},"end":{"line":34,"column":48}},"type":"cond-expr","locations":[{"start":{"line":34,"column":30},"end":{"line":34,"column":43}},{"start":{"line":34,"column":46},"end":{"line":34,"column":48}}],"line":34}},"s":{"0":5,"1":5,"2":5,"3":14,"4":14,"5":14,"6":5,"7":5},"f":{"0":14,"1":14,"2":14},"b":{"0":[0,14],"1":[4,10]},"_coverageSchema":"332fd63041d2c1bcb487cc26dd0d5f7d97098a6c","hash":"db9a7b31999c7efff514d8ffa0321030f20e7ec0"}
,"/Users/emily/github/components/src/Link.js": {"path":"/Users/emily/github/components/src/Link.js","statementMap":{"0":{"start":{"line":8,"column":21},"end":{"line":18,"column":1}},"1":{"start":{"line":20,"column":19},"end":{"line":25,"column":2}},"2":{"start":{"line":27,"column":13},"end":{"line":35,"column":1}},"3":{"start":{"line":28,"column":31},"end":{"line":28,"column":69}},"4":{"start":{"line":33,"column":14},"end":{"line":33,"column":55}},"5":{"start":{"line":37,"column":0},"end":{"line":40,"column":1}},"6":{"start":{"line":42,"column":0},"end":{"line":49,"column":1}}},"fnMap":{"0":{"name":"(anonymous_0)","decl":{"start":{"line":28,"column":21},"end":{"line":28,"column":22}},"loc":{"start":{"line":28,"column":31},"end":{"line":28,"column":69}},"line":28},"1":{"name":"(anonymous_1)","decl":{"start":{"line":33,"column":4},"end":{"line":33,"column":5}},"loc":{"start":{"line":33,"column":14},"end":{"line":33,"column":55}},"line":33}},"branchMap":{"0":{"loc":{"start":{"line":28,"column":31},"end":{"line":28,"column":69}},"type":"cond-expr","locations":[{"start":{"line":28,"column":49},"end":{"line":28,"column":60}},{"start":{"line":28,"column":63},"end":{"line":28,"column":69}}],"line":28},"1":{"loc":{"start":{"line":33,"column":14},"end":{"line":33,"column":55}},"type":"cond-expr","locations":[{"start":{"line":33,"column":38},"end":{"line":33,"column":50}},{"start":{"line":33,"column":53},"end":{"line":33,"column":55}}],"line":33}},"s":{"0":5,"1":5,"2":5,"3":34,"4":34,"5":5,"6":5},"f":{"0":34,"1":34},"b":{"0":[0,34],"1":[8,26]},"_coverageSchema":"332fd63041d2c1bcb487cc26dd0d5f7d97098a6c","hash":"13e4860c86a89e6fd0a41739d05d9e563a6e03bd"}
,"/Users/emily/github/components/src/PointerBox.js": {"path":"/Users/emily/github/components/src/PointerBox.js","statementMap":{"0":{"start":{"line":10,"column":40},"end":{"line":10,"column":45}},"1":{"start":{"line":11,"column":41},"end":{"line":11,"column":46}},"2":{"start":{"line":12,"column":21},"end":{"line":12,"column":76}},"3":{"start":{"line":13,"column":2},"end":{"line":20,"column":3}},"4":{"start":{"line":23,"column":0},"end":{"line":25,"column":1}},"5":{"start":{"line":27,"column":0},"end":{"line":31,"column":1}}},"fnMap":{"0":{"name":"PointerBox","decl":{"start":{"line":8,"column":9},"end":{"line":8,"column":19}},"loc":{"start":{"line":8,"column":27},"end":{"line":21,"column":1}},"line":8}},"branchMap":{},"s":{"0":9,"1":9,"2":9,"3":9,"4":4,"5":4},"f":{"0":9},"b":{},"_coverageSchema":"332fd63041d2c1bcb487cc26dd0d5f7d97098a6c","hash":"0b2277a1be8d287e38fea8b526e8317b13c49fe9"}
,"/Users/emily/github/components/src/Position.js": {"path":"/Users/emily/github/components/src/Position.js","statementMap":{"0":{"start":{"line":7,"column":24},"end":{"line":11,"column":1}},"1":{"start":{"line":13,"column":0},"end":{"line":15,"column":1}},"2":{"start":{"line":17,"column":0},"end":{"line":22,"column":1}},"3":{"start":{"line":25,"column":23},"end":{"line":25,"column":75}},"4":{"start":{"line":25,"column":32},"end":{"line":25,"column":75}},"5":{"start":{"line":26,"column":2},"end":{"line":26,"column":45}},"6":{"start":{"line":27,"column":2},"end":{"line":27,"column":51}},"7":{"start":{"line":28,"column":2},"end":{"line":28,"column":51}},"8":{"start":{"line":29,"column":2},"end":{"line":29,"column":21}},"9":{"start":{"line":32,"column":24},"end":{"line":32,"column":48}},"10":{"start":{"line":33,"column":21},"end":{"line":33,"column":42}},"11":{"start":{"line":34,"column":24},"end":{"line":34,"column":48}},"12":{"start":{"line":35,"column":22},"end":{"line":35,"column":44}},"13":{"start":{"line":36,"column":0},"end":{"line":40,"column":1}}},"fnMap":{"0":{"name":"withPosition","decl":{"start":{"line":24,"column":9},"end":{"line":24,"column":21}},"loc":{"start":{"line":24,"column":32},"end":{"line":30,"column":1}},"line":24},"1":{"name":"(anonymous_1)","decl":{"start":{"line":25,"column":23},"end":{"line":25,"column":24}},"loc":{"start":{"line":25,"column":32},"end":{"line":25,"column":75}},"line":25}},"branchMap":{},"s":{"0":5,"1":5,"2":5,"3":20,"4":44,"5":20,"6":20,"7":20,"8":20,"9":5,"10":5,"11":5,"12":5,"13":5},"f":{"0":20,"1":44},"b":{},"_coverageSchema":"332fd63041d2c1bcb487cc26dd0d5f7d97098a6c","hash":"dfe655229b2175b08a195df3f486d23528382766"}
,"/Users/emily/github/components/src/PrimerComponentsAnimation.js": {"path":"/Users/emily/github/components/src/PrimerComponentsAnimation.js","statementMap":{"0":{"start":{"line":1,"column":0},"end":{"line":null,"column":-1}},"1":{"start":{"line":2,"column":0},"end":{"line":null,"column":-1}},"2":{"start":{"line":3,"column":0},"end":{"line":null,"column":-1}},"3":{"start":{"line":5,"column":23},"end":{"line":5,"column":0}},"4":{"start":{"line":5,"column":31},"end":{"line":null,"column":-1}},"5":{"start":{"line":9,"column":25},"end":{"line":9,"column":0}},"6":{"start":{"line":16,"column":34},"end":{"line":16,"column":0}},"7":{"start":{"line":16,"column":39},"end":{"line":null,"column":-1}}},"fnMap":{"0":{"name":"(anonymous_4)","decl":{"start":{"line":5,"column":31},"end":{"line":null,"column":-1}},"loc":{"start":{"line":5,"column":31},"end":{"line":5,"column":23}}},"1":{"name":"PrimerComponentsAnimation","decl":{"start":{"line":16,"column":6},"end":{"line":16,"column":34}},"loc":{"start":{"line":16,"column":39},"end":{"line":16,"column":0}}}},"branchMap":{},"s":{"0":0,"1":0,"2":0,"3":0,"4":0,"5":0,"6":0,"7":0},"f":{"0":0,"1":0},"b":{}}
,"/Users/emily/github/components/src/StateLabel.js": {"path":"/Users/emily/github/components/src/StateLabel.js","statementMap":{"0":{"start":{"line":9,"column":18},"end":{"line":16,"column":1}},"1":{"start":{"line":18,"column":19},"end":{"line":24,"column":1}},"2":{"start":{"line":27,"column":23},"end":{"line":27,"column":50}},"3":{"start":{"line":28,"column":2},"end":{"line":33,"column":3}},"4":{"start":{"line":36,"column":19},"end":{"line":48,"column":1}},"5":{"start":{"line":39,"column":23},"end":{"line":39,"column":110}},"6":{"start":{"line":43,"column":25},"end":{"line":43,"column":92}},"7":{"start":{"line":45,"column":32},"end":{"line":45,"column":87}},"8":{"start":{"line":50,"column":0},"end":{"line":52,"column":1}},"9":{"start":{"line":54,"column":0},"end":{"line":59,"column":1}}},"fnMap":{"0":{"name":"StateLabelBase","decl":{"start":{"line":26,"column":9},"end":{"line":26,"column":23}},"loc":{"start":{"line":26,"column":70},"end":{"line":34,"column":1}},"line":26},"1":{"name":"(anonymous_1)","decl":{"start":{"line":39,"column":13},"end":{"line":39,"column":14}},"loc":{"start":{"line":39,"column":23},"end":{"line":39,"column":110}},"line":39},"2":{"name":"(anonymous_2)","decl":{"start":{"line":43,"column":15},"end":{"line":43,"column":16}},"loc":{"start":{"line":43,"column":25},"end":{"line":43,"column":92}},"line":43},"3":{"name":"(anonymous_3)","decl":{"start":{"line":45,"column":22},"end":{"line":45,"column":23}},"loc":{"start":{"line":45,"column":32},"end":{"line":45,"column":87}},"line":45}},"branchMap":{"0":{"loc":{"start":{"line":26,"column":44},"end":{"line":26,"column":57}},"type":"default-arg","locations":[{"start":{"line":26,"column":52},"end":{"line":26,"column":57}}],"line":26},"1":{"loc":{"start":{"line":27,"column":23},"end":{"line":27,"column":50}},"type":"cond-expr","locations":[{"start":{"line":27,"column":31},"end":{"line":27,"column":45}},{"start":{"line":27,"column":48},"end":{"line":27,"column":50}}],"line":27},"2":{"loc":{"start":{"line":30,"column":7},"end":{"line":30,"column":85}},"type":"binary-expr","locations":[{"start":{"line":30,"column":7},"end":{"line":30,"column":13}},{"start":{"line":30,"column":17},"end":{"line":30,"column":85}}],"line":30},"3":{"loc":{"start":{"line":39,"column":23},"end":{"line":39,"column":110}},"type":"cond-expr","locations":[{"start":{"line":39,"column":37},"end":{"line":39,"column":66}},{"start":{"line":39,"column":69},"end":{"line":39,"column":110}}],"line":39},"4":{"loc":{"start":{"line":43,"column":25},"end":{"line":43,"column":92}},"type":"cond-expr","locations":[{"start":{"line":43,"column":39},"end":{"line":43,"column":64}},{"start":{"line":43,"column":67},"end":{"line":43,"column":92}}],"line":43},"5":{"loc":{"start":{"line":45,"column":32},"end":{"line":45,"column":87}},"type":"cond-expr","locations":[{"start":{"line":45,"column":47},"end":{"line":45,"column":70}},{"start":{"line":45,"column":73},"end":{"line":45,"column":87}}],"line":45}},"s":{"0":5,"1":5,"2":19,"3":19,"4":5,"5":42,"6":42,"7":42,"8":5,"9":5},"f":{"0":19,"1":42,"2":42,"3":42},"b":{"0":[15],"1":[2,17],"2":[19,6],"3":[4,38],"4":[4,38],"5":[12,30]},"_coverageSchema":"332fd63041d2c1bcb487cc26dd0d5f7d97098a6c","hash":"f5b977fe3c247fe53a7cb5b95c826a2889bb9761"}
,"/Users/emily/github/components/src/StyledOcticon.js": {"path":"/Users/emily/github/components/src/StyledOcticon.js","statementMap":{"0":{"start":{"line":7,"column":22},"end":{"line":7,"column":45}},"1":{"start":{"line":9,"column":0},"end":{"line":11,"column":1}},"2":{"start":{"line":13,"column":0},"end":{"line":16,"column":1}}},"fnMap":{},"branchMap":{},"s":{"0":6,"1":6,"2":6},"f":{},"b":{},"_coverageSchema":"332fd63041d2c1bcb487cc26dd0d5f7d97098a6c","hash":"ad44cf3cca2a7b0ebd27d64c1624fa250a6aff55"}
,"/Users/emily/github/components/src/Text.js": {"path":"/Users/emily/github/components/src/Text.js","statementMap":{"0":{"start":{"line":6,"column":13},"end":{"line":9,"column":1}},"1":{"start":{"line":11,"column":0},"end":{"line":13,"column":1}},"2":{"start":{"line":15,"column":0},"end":{"line":19,"column":1}}},"fnMap":{},"branchMap":{},"s":{"0":5,"1":5,"2":5},"f":{},"b":{},"_coverageSchema":"332fd63041d2c1bcb487cc26dd0d5f7d97098a6c","hash":"d7558a50b163df3d974350631652e34eb50c8375"}
,"/Users/emily/github/components/src/TextInput.js": {"path":"/Users/emily/github/components/src/TextInput.js","statementMap":{"0":{"start":{"line":9,"column":18},"end":{"line":13,"column":4}},"1":{"start":{"line":14,"column":21},"end":{"line":19,"column":3}},"2":{"start":{"line":20,"column":2},"end":{"line":20,"column":34}},"3":{"start":{"line":23,"column":18},"end":{"line":67,"column":1}},"4":{"start":{"line":69,"column":0},"end":{"line":69,"column":32}},"5":{"start":{"line":71,"column":0},"end":{"line":84,"column":1}}},"fnMap":{"0":{"name":"TextInputBase","decl":{"start":{"line":8,"column":9},"end":{"line":8,"column":22}},"loc":{"start":{"line":8,"column":79},"end":{"line":21,"column":1}},"line":8}},"branchMap":{},"s":{"0":10,"1":10,"2":10,"3":5,"4":5,"5":5},"f":{"0":10},"b":{},"_coverageSchema":"332fd63041d2c1bcb487cc26dd0d5f7d97098a6c","hash":"28e4e143e39c71b15d2eba327165617acb8d0e5b"}
,"/Users/emily/github/components/src/Tooltip.js": {"path":"/Users/emily/github/components/src/Tooltip.js","statementMap":{"0":{"start":{"line":9,"column":18},"end":{"line":15,"column":3}},"1":{"start":{"line":16,"column":2},"end":{"line":20,"column":3}},"2":{"start":{"line":23,"column":16},"end":{"line":248,"column":1}},"3":{"start":{"line":250,"column":0},"end":{"line":250,"column":38}},"4":{"start":{"line":252,"column":0},"end":{"line":252,"column":65}},"5":{"start":{"line":254,"column":0},"end":{"line":257,"column":1}},"6":{"start":{"line":259,"column":0},"end":{"line":268,"column":1}}},"fnMap":{"0":{"name":"TooltipBase","decl":{"start":{"line":8,"column":9},"end":{"line":8,"column":20}},"loc":{"start":{"line":8,"column":92},"end":{"line":21,"column":1}},"line":8}},"branchMap":{"0":{"loc":{"start":{"line":12,"column":4},"end":{"line":12,"column":42}},"type":"binary-expr","locations":[{"start":{"line":12,"column":4},"end":{"line":12,"column":9}},{"start":{"line":12,"column":13},"end":{"line":12,"column":42}}],"line":12},"1":{"loc":{"start":{"line":13,"column":4},"end":{"line":13,"column":36}},"type":"binary-expr","locations":[{"start":{"line":13,"column":4},"end":{"line":13,"column":11}},{"start":{"line":13,"column":15},"end":{"line":13,"column":36}}],"line":13},"2":{"loc":{"start":{"line":14,"column":4},"end":{"line":14,"column":34}},"type":"binary-expr","locations":[{"start":{"line":14,"column":4},"end":{"line":14,"column":8}},{"start":{"line":14,"column":12},"end":{"line":14,"column":34}}],"line":14}},"s":{"0":31,"1":31,"2":5,"3":5,"4":5,"5":5,"6":5},"f":{"0":31},"b":{"0":[31,4],"1":[31,2],"2":[31,2]},"_coverageSchema":"332fd63041d2c1bcb487cc26dd0d5f7d97098a6c","hash":"3b79f8e4c0df783f62bb4928fc140b56ff704cf4"}
,"/Users/emily/github/components/src/UnderlineNav.js": {"path":"/Users/emily/github/components/src/UnderlineNav.js","statementMap":{"0":{"start":{"line":8,"column":19},"end":{"line":8,"column":38}},"1":{"start":{"line":9,"column":23},"end":{"line":9,"column":33}},"2":{"start":{"line":12,"column":18},"end":{"line":12,"column":120}},"3":{"start":{"line":13,"column":2},"end":{"line":18,"column":3}},"4":{"start":{"line":21,"column":21},"end":{"line":51,"column":1}},"5":{"start":{"line":53,"column":0},"end":{"line":87,"column":1}},"6":{"start":{"line":53,"column":45},"end":{"line":56,"column":1}},"7":{"start":{"line":89,"column":0},"end":{"line":91,"column":1}},"8":{"start":{"line":93,"column":0},"end":{"line":101,"column":1}},"9":{"start":{"line":103,"column":0},"end":{"line":105,"column":1}},"10":{"start":{"line":107,"column":0},"end":{"line":111,"column":1}}},"fnMap":{"0":{"name":"UnderlineNavBase","decl":{"start":{"line":11,"column":9},"end":{"line":11,"column":25}},"loc":{"start":{"line":11,"column":87},"end":{"line":19,"column":1}},"line":11},"1":{"name":"(anonymous_1)","decl":{"start":{"line":53,"column":35},"end":{"line":53,"column":36}},"loc":{"start":{"line":53,"column":45},"end":{"line":56,"column":1}},"line":53}},"branchMap":{"0":{"loc":{"start":{"line":12,"column":56},"end":{"line":12,"column":89}},"type":"binary-expr","locations":[{"start":{"line":12,"column":56},"end":{"line":12,"column":61}},{"start":{"line":12,"column":65},"end":{"line":12,"column":89}}],"line":12},"1":{"loc":{"start":{"line":12,"column":91},"end":{"line":12,"column":119}},"type":"binary-expr","locations":[{"start":{"line":12,"column":91},"end":{"line":12,"column":95}},{"start":{"line":12,"column":99},"end":{"line":12,"column":119}}],"line":12},"2":{"loc":{"start":{"line":16,"column":7},"end":{"line":16,"column":71}},"type":"binary-expr","locations":[{"start":{"line":16,"column":7},"end":{"line":16,"column":14}},{"start":{"line":16,"column":18},"end":{"line":16,"column":71}}],"line":16},"3":{"loc":{"start":{"line":54,"column":19},"end":{"line":54,"column":65}},"type":"cond-expr","locations":[{"start":{"line":54,"column":50},"end":{"line":54,"column":60}},{"start":{"line":54,"column":63},"end":{"line":54,"column":65}}],"line":54},"4":{"loc":{"start":{"line":55,"column":36},"end":{"line":55,"column":68}},"type":"binary-expr","locations":[{"start":{"line":55,"column":36},"end":{"line":55,"column":50}},{"start":{"line":55,"column":54},"end":{"line":55,"column":68}}],"line":55}},"s":{"0":6,"1":6,"2":13,"3":13,"4":6,"5":6,"6":9,"7":6,"8":6,"9":6,"10":6},"f":{"0":13,"1":9},"b":{"0":[13,2],"1":[13,2],"2":[13,1],"3":[2,7],"4":[9,2]},"_coverageSchema":"332fd63041d2c1bcb487cc26dd0d5f7d97098a6c","hash":"1c4797808aa5aa7287cc9f4e9ca34ea6cc51f7de"}
,"/Users/emily/github/components/src/constants.js": {"path":"/Users/emily/github/components/src/constants.js","statementMap":{"0":{"start":{"line":7,"column":39},"end":{"line":7,"column":51}},"1":{"start":{"line":9,"column":19},"end":{"line":9,"column":59}},"2":{"start":{"line":9,"column":26},"end":{"line":9,"column":59}},"3":{"start":{"line":11,"column":19},"end":{"line":16,"column":2}},"4":{"start":{"line":18,"column":26},"end":{"line":21,"column":1}},"5":{"start":{"line":23,"column":0},"end":{"line":26,"column":1}},"6":{"start":{"line":28,"column":22},"end":{"line":32,"column":1}},"7":{"start":{"line":33,"column":0},"end":{"line":36,"column":1}},"8":{"start":{"line":37,"column":22},"end":{"line":40,"column":1}},"9":{"start":{"line":41,"column":0},"end":{"line":44,"column":1}},"10":{"start":{"line":48,"column":22},"end":{"line":48,"column":41}},"11":{"start":{"line":49,"column":24},"end":{"line":49,"column":45}},"12":{"start":{"line":50,"column":20},"end":{"line":50,"column":40}},"13":{"start":{"line":51,"column":20},"end":{"line":51,"column":37}},"14":{"start":{"line":53,"column":0},"end":{"line":53,"column":49}},"15":{"start":{"line":54,"column":0},"end":{"line":54,"column":41}},"16":{"start":{"line":55,"column":0},"end":{"line":55,"column":45}},"17":{"start":{"line":56,"column":0},"end":{"line":56,"column":40}},"18":{"start":{"line":57,"column":0},"end":{"line":57,"column":37}},"19":{"start":{"line":59,"column":26},"end":{"line":59,"column":101}}},"fnMap":{"0":{"name":"(anonymous_0)","decl":{"start":{"line":9,"column":19},"end":{"line":9,"column":20}},"loc":{"start":{"line":9,"column":26},"end":{"line":9,"column":59}},"line":9}},"branchMap":{},"s":{"0":30,"1":30,"2":1897,"3":30,"4":30,"5":30,"6":30,"7":30,"8":30,"9":30,"10":30,"11":30,"12":30,"13":30,"14":30,"15":30,"16":30,"17":30,"18":30,"19":30},"f":{"0":1897},"b":{},"_coverageSchema":"332fd63041d2c1bcb487cc26dd0d5f7d97098a6c","hash":"a102ccda49eb60fa143568c434f44c331fddcc47"}
,"/Users/emily/github/components/src/css.js": {"path":"/Users/emily/github/components/src/css.js","statementMap":{"0":{"start":{"line":3,"column":25},"end":{"line":5,"column":1}},"1":{"start":{"line":7,"column":24},"end":{"line":9,"column":1}}},"fnMap":{},"branchMap":{},"s":{"0":1,"1":1},"f":{},"b":{},"_coverageSchema":"332fd63041d2c1bcb487cc26dd0d5f7d97098a6c","hash":"6fc6eaf4a4f3abe04cf30bb877ac71f1a906e289"}
,"/Users/emily/github/components/src/index.js": {"path":"/Users/emily/github/components/src/index.js","statementMap":{},"fnMap":{},"branchMap":{},"s":{},"f":{},"b":{},"_coverageSchema":"332fd63041d2c1bcb487cc26dd0d5f7d97098a6c","hash":"2676eda776f41c2cfefe45b7b388d44697694752"}
,"/Users/emily/github/components/src/theme.js": {"path":"/Users/emily/github/components/src/theme.js","statementMap":{"0":{"start":{"line":4,"column":15},"end":{"line":56,"column":1}},"1":{"start":{"line":58,"column":14},"end":{"line":99,"column":1}},"2":{"start":{"line":105,"column":2},"end":{"line":105,"column":80}},"3":{"start":{"line":105,"column":28},"end":{"line":105,"column":67}}},"fnMap":{"0":{"name":"fontStack","decl":{"start":{"line":104,"column":9},"end":{"line":104,"column":18}},"loc":{"start":{"line":104,"column":26},"end":{"line":106,"column":1}},"line":104},"1":{"name":"(anonymous_1)","decl":{"start":{"line":105,"column":19},"end":{"line":105,"column":20}},"loc":{"start":{"line":105,"column":28},"end":{"line":105,"column":67}},"line":105}},"branchMap":{"0":{"loc":{"start":{"line":105,"column":28},"end":{"line":105,"column":67}},"type":"cond-expr","locations":[{"start":{"line":105,"column":49},"end":{"line":105,"column":60}},{"start":{"line":105,"column":63},"end":{"line":105,"column":67}}],"line":105}},"s":{"0":32,"1":32,"2":64,"3":480},"f":{"0":64,"1":480},"b":{"0":[160,320]},"_coverageSchema":"332fd63041d2c1bcb487cc26dd0d5f7d97098a6c","hash":"fcaab62526683bc98f857d38bf97562f4ec26d62"}
}
