TN:
SF:/Users/emily/github/components/src/Avatar.js
FN:8,borderRadius
FN:14,(anonymous_1)
FNF:2
FNH:2
FNDA:22,borderRadius
FNDA:11,(anonymous_1)
DA:9,22
DA:14,11
DA:26,5
DA:32,5
LF:4
LH:4
BRDA:10,0,0,18
BRDA:10,0,1,4
BRF:2
BRH:2
end_of_record
TN:
SF:/Users/emily/github/components/src/AvatarPair.js
FN:15,(anonymous_0)
FN:29,(anonymous_1)
FN:30,(anonymous_2)
FNF:3
FNH:0
FNDA:0,(anonymous_0)
FNDA:0,(anonymous_1)
FNDA:0,(anonymous_2)
DA:8,4
DA:10,4
DA:15,4
DA:28,4
DA:29,4
DA:30,0
DA:31,0
DA:33,0
DA:37,4
DA:39,4
DA:40,4
LF:11
LH:8
BRDA:31,0,0,0
BRDA:31,0,1,0
BRF:2
BRH:0
end_of_record
TN:
SF:/Users/emily/github/components/src/BaseStyles.js
FN:12,(anonymous_0)
FNF:1
FNH:0
FNDA:0,(anonymous_0)
DA:7,4
DA:12,4
DA:13,0
DA:14,0
DA:21,4
DA:25,4
DA:32,4
LF:7
LH:5
BRF:0
BRH:0
end_of_record
TN:
SF:/Users/emily/github/components/src/BorderBox.js
FNF:0
FNH:0
DA:7,7
DA:9,7
DA:16,7
LF:3
LH:3
BRF:0
BRH:0
end_of_record
TN:
SF:/Users/emily/github/components/src/Box.js
FNF:0
FNH:0
DA:8,11
DA:14,11
DA:16,11
LF:3
LH:3
BRF:0
BRH:0
end_of_record
TN:
SF:/Users/emily/github/components/src/BranchName.js
FNF:0
FNH:0
DA:6,5
DA:17,5
DA:21,5
LF:3
LH:3
BRF:0
BRH:0
end_of_record
TN:
SF:/Users/emily/github/components/src/Button.js
FN:9,fontSize
FN:16,(anonymous_1)
FN:20,(anonymous_2)
FNF:3
FNH:3
FNDA:52,fontSize
FNDA:26,(anonymous_1)
FNDA:52,(anonymous_2)
DA:10,52
DA:16,26
DA:20,52
DA:26,5
DA:30,5
LF:5
LH:5
BRDA:9,0,0,44
BRDA:12,1,0,4
BRDA:12,1,1,48
BRDA:12,2,0,4
BRDA:12,2,1,44
BRDA:17,3,0,2
BRDA:17,3,1,24
BRDA:18,4,0,2
BRDA:18,4,1,24
BRDA:20,5,0,52
BRDA:20,5,1,0
BRF:11
BRH:10
end_of_record
TN:
SF:/Users/emily/github/components/src/ButtonDanger.js
FNF:0
FNH:0
DA:5,4
LF:1
LH:1
BRF:0
BRH:0
end_of_record
TN:
SF:/Users/emily/github/components/src/ButtonGroup.js
FNF:0
FNH:0
DA:4,4
DA:38,4
DA:41,4
LF:3
LH:3
BRF:0
BRH:0
end_of_record
TN:
SF:/Users/emily/github/components/src/ButtonOutline.js
FNF:0
FNH:0
DA:5,4
LF:1
LH:1
BRF:0
BRH:0
end_of_record
TN:
SF:/Users/emily/github/components/src/ButtonPrimary.js
FNF:0
FNH:0
DA:5,4
LF:1
LH:1
BRF:0
BRH:0
end_of_record
TN:
SF:/Users/emily/github/components/src/ButtonStyles.js
FN:3,(anonymous_0)
FNF:1
FNH:1
FNDA:52,(anonymous_0)
DA:3,5
DA:4,52
LF:2
LH:2
BRF:0
BRH:0
end_of_record
TN:
SF:/Users/emily/github/components/src/Caret.js
FN:20,getEdgeAlign
FN:25,getPosition
FN:39,Caret
FNF:3
FNH:3
FNDA:35,getEdgeAlign
FNDA:35,getPosition
FNDA:35,Caret
DA:6,5
DA:13,5
DA:21,35
DA:22,35
DA:26,35
DA:27,35
DA:28,35
DA:34,5
DA:35,5
DA:36,5
DA:37,5
DA:40,35
DA:41,35
DA:42,35
DA:43,35
DA:45,35
DA:46,35
DA:47,35
DA:49,35
DA:60,35
DA:61,35
DA:62,35
DA:67,35
DA:68,35
DA:70,35
DA:77,35
DA:87,5
DA:102,5
DA:111,5
LF:29
LH:29
BRDA:30,0,0,35
BRDA:30,0,1,19
BRDA:30,1,0,16
BRDA:30,1,1,19
BRDA:55,2,0,16
BRDA:55,2,1,19
BRF:6
BRH:6
end_of_record
TN:
SF:/Users/emily/github/components/src/CircleBadge.js
FN:7,(anonymous_0)
FN:17,(anonymous_1)
FNF:2
FNH:2
FNDA:24,(anonymous_0)
FNDA:12,(anonymous_1)
DA:7,5
DA:8,24
DA:9,24
DA:14,24
DA:17,5
DA:18,12
DA:24,5
DA:34,5
DA:40,5
DA:42,5
DA:47,5
DA:53,5
DA:57,5
LF:13
LH:13
BRDA:7,0,0,0
BRDA:8,1,0,0
BRDA:8,1,1,24
BRF:3
BRH:1
end_of_record
TN:
SF:/Users/emily/github/components/src/CircleOcticon.js
FN:8,CircleOcticon
FNF:1
FNH:1
FNDA:10,CircleOcticon
DA:9,10
DA:10,10
DA:11,10
DA:20,5
DA:26,5
LF:5
LH:5
BRF:0
BRH:0
end_of_record
TN:
SF:/Users/emily/github/components/src/CounterLabel.js
FN:6,(anonymous_0)
FN:17,(anonymous_1)
FNF:2
FNH:2
FNDA:26,(anonymous_0)
FNDA:26,(anonymous_1)
DA:6,5
DA:7,26
DA:17,5
DA:18,26
DA:28,5
DA:44,5
DA:48,5
LF:7
LH:7
BRDA:9,0,0,8
BRDA:9,0,1,18
BRDA:11,1,0,8
BRDA:11,1,1,10
BRDA:20,2,0,8
BRDA:20,2,1,18
BRDA:22,3,0,8
BRDA:22,3,1,10
BRF:8
BRH:8
end_of_record
TN:
SF:/Users/emily/github/components/src/Details.js
FN:15,getRenderer
FN:16,(anonymous_1)
FN:19,DetailsBase
FN:22,toggle
FN:31,openMenu
FN:38,closeMenu
FNF:6
FNH:4
FNDA:10,getRenderer
FNDA:2,(anonymous_1)
FNDA:10,DetailsBase
FNDA:2,toggle
FNDA:0,openMenu
FNDA:0,closeMenu
DA:7,6
DA:16,10
DA:20,10
DA:23,2
DA:24,2
DA:25,0
DA:27,2
DA:32,0
DA:33,0
DA:34,0
DA:39,0
DA:40,0
DA:41,0
DA:43,10
DA:50,6
DA:52,6
DA:57,6
LF:17
LH:10
BRDA:16,0,0,8
BRDA:16,0,1,2
BRDA:19,1,0,10
BRDA:23,2,0,2
BRDA:23,2,1,0
BRDA:24,3,0,0
BRDA:24,3,1,2
BRDA:32,4,0,0
BRDA:32,4,1,0
BRDA:39,5,0,0
BRDA:39,5,1,0
BRF:11
BRH:5
end_of_record
TN:
SF:/Users/emily/github/components/src/Dialog.js
FN:73,(anonymous_0)
FNF:1
FNH:0
FNDA:0,(anonymous_0)
DA:15,4
DA:17,4
DA:25,4
DA:42,4
DA:50,4
DA:64,4
DA:66,4
DA:73,4
DA:74,0
DA:96,4
DA:98,4
LF:11
LH:10
BRDA:78,0,0,0
BRDA:78,0,1,0
BRF:2
BRH:0
end_of_record
TN:
SF:/Users/emily/github/components/src/Dropdown.js
FN:10,(anonymous_0)
FN:13,(anonymous_1)
FN:82,(anonymous_2)
FNF:3
FNH:3
FNDA:5,(anonymous_0)
FNDA:5,(anonymous_1)
FNDA:10,(anonymous_2)
DA:10,5
DA:11,5
DA:14,5
DA:25,5
DA:31,5
DA:41,5
DA:82,10
DA:86,5
DA:109,5
DA:110,5
DA:112,5
DA:117,5
DA:122,5
DA:123,5
DA:127,5
DA:128,5
LF:16
LH:16
BRDA:82,0,0,10
BRDA:82,0,1,0
BRF:2
BRH:1
end_of_record
TN:
SF:/Users/emily/github/components/src/DropdownStyles.js
FN:3,(anonymous_0)
FNF:1
FNH:1
FNDA:10,(anonymous_0)
DA:3,5
DA:4,10
DA:124,10
LF:3
LH:3
BRF:0
BRH:0
end_of_record
TN:
SF:/Users/emily/github/components/src/FilterList.js
FN:8,ItemBase
FN:24,(anonymous_1)
FN:25,(anonymous_2)
FN:28,(anonymous_3)
FN:29,(anonymous_4)
FN:50,(anonymous_5)
FN:51,(anonymous_6)
FNF:7
FNH:7
FNDA:7,ItemBase
FNDA:18,(anonymous_1)
FNDA:18,(anonymous_2)
FNDA:18,(anonymous_3)
FNDA:18,(anonymous_4)
FNDA:5,(anonymous_5)
FNDA:2,(anonymous_6)
DA:9,7
DA:21,6
DA:24,18
DA:25,18
DA:28,18
DA:29,18
DA:50,6
DA:51,5
DA:52,2
DA:55,5
DA:58,6
DA:63,6
DA:69,6
DA:75,6
DA:77,6
DA:81,6
LF:16
LH:16
BRDA:11,0,0,7
BRDA:11,0,1,2
BRDA:24,1,0,0
BRDA:24,1,1,18
BRDA:25,2,0,0
BRDA:25,2,1,18
BRDA:28,3,0,4
BRDA:28,3,1,14
BRDA:29,4,0,4
BRDA:29,4,1,14
BRF:10
BRH:8
end_of_record
TN:
SF:/Users/emily/github/components/src/Flash.js
FN:16,(anonymous_0)
FN:17,(anonymous_1)
FN:20,(anonymous_2)
FN:21,(anonymous_3)
FN:22,(anonymous_4)
FNF:5
FNH:5
FNDA:30,(anonymous_0)
FNDA:30,(anonymous_1)
FNDA:30,(anonymous_2)
FNDA:30,(anonymous_3)
FNDA:30,(anonymous_4)
DA:6,5
DA:13,5
DA:16,30
DA:17,30
DA:20,30
DA:21,30
DA:22,30
DA:30,5
DA:35,5
LF:9
LH:9
BRDA:16,0,0,30
BRDA:16,0,1,0
BRDA:17,1,0,30
BRDA:17,1,1,0
BRDA:20,2,0,12
BRDA:20,2,1,18
BRDA:21,3,0,12
BRDA:21,3,1,18
BRDA:22,4,0,12
BRDA:22,4,1,18
BRF:10
BRH:8
end_of_record
TN:
SF:/Users/emily/github/components/src/Flex.js
FNF:0
FNH:0
DA:7,7
DA:12,7
DA:16,7
DA:20,7
DA:23,7
DA:28,7
LF:6
LH:6
BRF:0
BRH:0
end_of_record
TN:
SF:/Users/emily/github/components/src/Grid.js
FNF:0
FNH:0
DA:6,5
DA:10,5
DA:15,5
LF:3
LH:3
BRF:0
BRH:0
end_of_record
TN:
SF:/Users/emily/github/components/src/Heading.js
FNF:0
FNH:0
DA:6,4
DA:13,4
DA:17,4
LF:3
LH:3
BRF:0
BRH:0
end_of_record
TN:
SF:/Users/emily/github/components/src/Label.js
FN:32,(anonymous_0)
FN:33,(anonymous_1)
FN:34,(anonymous_2)
FNF:3
FNH:3
FNDA:14,(anonymous_0)
FNDA:14,(anonymous_1)
FNDA:14,(anonymous_2)
DA:6,5
DA:13,5
DA:23,5
DA:32,14
DA:33,14
DA:34,14
DA:37,5
DA:43,5
LF:8
LH:8
BRDA:32,0,0,0
BRDA:32,0,1,14
BRDA:34,1,0,4
BRDA:34,1,1,10
BRF:4
BRH:3
end_of_record
TN:
SF:/Users/emily/github/components/src/Link.js
FN:28,(anonymous_0)
FN:33,(anonymous_1)
FNF:2
FNH:2
FNDA:34,(anonymous_0)
FNDA:34,(anonymous_1)
DA:8,5
DA:20,5
DA:27,5
DA:28,34
DA:33,34
DA:37,5
DA:42,5
LF:7
LH:7
BRDA:28,0,0,0
BRDA:28,0,1,34
BRDA:33,1,0,8
BRDA:33,1,1,26
BRF:4
BRH:3
end_of_record
TN:
SF:/Users/emily/github/components/src/PointerBox.js
FN:8,PointerBox
FNF:1
FNH:1
FNDA:9,PointerBox
DA:10,9
DA:11,9
DA:12,9
DA:13,9
DA:23,4
DA:27,4
LF:6
LH:6
BRF:0
BRH:0
end_of_record
TN:
SF:/Users/emily/github/components/src/Position.js
FN:24,withPosition
FN:25,(anonymous_1)
FNF:2
FNH:2
FNDA:20,withPosition
FNDA:44,(anonymous_1)
DA:7,5
DA:13,5
DA:17,5
DA:25,44
DA:26,20
DA:27,20
DA:28,20
DA:29,20
DA:32,5
DA:33,5
DA:34,5
DA:35,5
DA:36,5
LF:13
LH:13
BRF:0
BRH:0
end_of_record
TN:
SF:/Users/emily/github/components/src/PrimerComponentsAnimation.js
FN:5,(anonymous_4)
FN:16,PrimerComponentsAnimation
FNF:2
FNH:0
FNDA:0,(anonymous_4)
FNDA:0,PrimerComponentsAnimation
DA:1,0
DA:2,0
DA:3,0
DA:5,0
DA:9,0
DA:16,0
LF:6
LH:0
BRF:0
BRH:0
end_of_record
TN:
SF:/Users/emily/github/components/src/StateLabel.js
FN:26,StateLabelBase
FN:39,(anonymous_1)
FN:43,(anonymous_2)
FN:45,(anonymous_3)
FNF:4
FNH:4
FNDA:19,StateLabelBase
FNDA:42,(anonymous_1)
FNDA:42,(anonymous_2)
FNDA:42,(anonymous_3)
DA:9,5
DA:18,5
DA:27,19
DA:28,19
DA:36,5
DA:39,42
DA:43,42
DA:45,42
DA:50,5
DA:54,5
LF:10
LH:10
BRDA:26,0,0,15
BRDA:27,1,0,2
BRDA:27,1,1,17
BRDA:30,2,0,19
BRDA:30,2,1,6
BRDA:39,3,0,4
BRDA:39,3,1,38
BRDA:43,4,0,4
BRDA:43,4,1,38
BRDA:45,5,0,12
BRDA:45,5,1,30
BRF:11
BRH:11
end_of_record
TN:
SF:/Users/emily/github/components/src/StyledOcticon.js
FNF:0
FNH:0
DA:7,6
DA:9,6
DA:13,6
LF:3
LH:3
BRF:0
BRH:0
end_of_record
TN:
SF:/Users/emily/github/components/src/Text.js
FNF:0
FNH:0
DA:6,5
DA:11,5
DA:15,5
LF:3
LH:3
BRF:0
BRH:0
end_of_record
TN:
SF:/Users/emily/github/components/src/TextInput.js
FN:8,TextInputBase
FNF:1
FNH:1
FNDA:10,TextInputBase
DA:9,10
DA:14,10
DA:20,10
DA:23,5
DA:69,5
DA:71,5
LF:6
LH:6
BRF:0
BRH:0
end_of_record
TN:
SF:/Users/emily/github/components/src/Tooltip.js
FN:8,TooltipBase
FNF:1
FNH:1
FNDA:31,TooltipBase
DA:9,31
DA:16,31
DA:23,5
DA:250,5
DA:252,5
DA:254,5
DA:259,5
LF:7
LH:7
BRDA:12,0,0,31
BRDA:12,0,1,4
BRDA:13,1,0,31
BRDA:13,1,1,2
BRDA:14,2,0,31
BRDA:14,2,1,2
BRF:6
BRH:6
end_of_record
TN:
SF:/Users/emily/github/components/src/UnderlineNav.js
FN:11,UnderlineNavBase
FN:53,(anonymous_1)
FNF:2
FNH:2
FNDA:13,UnderlineNavBase
FNDA:9,(anonymous_1)
DA:8,6
DA:9,6
DA:12,13
DA:13,13
DA:21,6
DA:53,9
DA:89,6
DA:93,6
DA:103,6
DA:107,6
LF:10
LH:10
BRDA:12,0,0,13
BRDA:12,0,1,2
BRDA:12,1,0,13
BRDA:12,1,1,2
BRDA:16,2,0,13
BRDA:16,2,1,1
BRDA:54,3,0,2
BRDA:54,3,1,7
BRDA:55,4,0,9
BRDA:55,4,1,2
BRF:10
BRH:10
end_of_record
TN:
SF:/Users/emily/github/components/src/constants.js
FN:9,(anonymous_0)
FNF:1
FNH:1
FNDA:1897,(anonymous_0)
DA:7,30
DA:9,1897
DA:11,30
DA:18,30
DA:23,30
DA:28,30
DA:33,30
DA:37,30
DA:41,30
DA:48,30
DA:49,30
DA:50,30
DA:51,30
DA:53,30
DA:54,30
DA:55,30
DA:56,30
DA:57,30
DA:59,30
LF:19
LH:19
BRF:0
BRH:0
end_of_record
TN:
SF:/Users/emily/github/components/src/css.js
FNF:0
FNH:0
DA:3,1
DA:7,1
LF:2
LH:2
BRF:0
BRH:0
end_of_record
TN:
SF:/Users/emily/github/components/src/index.js
FNF:0
FNH:0
LF:0
LH:0
BRF:0
BRH:0
end_of_record
TN:
SF:/Users/emily/github/components/src/theme.js
FN:104,fontStack
FN:105,(anonymous_1)
FNF:2
FNH:2
FNDA:64,fontStack
FNDA:480,(anonymous_1)
DA:4,32
DA:58,32
DA:105,480
LF:3
LH:3
BRDA:105,0,0,160
BRDA:105,0,1,320
BRF:2
BRH:2
end_of_record
